[2016-05-27 08:31:53] DEBUG [django.db.backends:89] (0.003) 
            SELECT name, type FROM sqlite_master
            WHERE type in ('table', 'view') AND NOT name='sqlite_sequence'
            ORDER BY name; args=None
[2016-05-27 08:31:53] DEBUG [django.db.backends:89] (0.000) SELECT "django_migrations"."app", "django_migrations"."name" FROM "django_migrations"; args=()
[2016-05-27 08:32:19] DEBUG [django.db.backends:89] (0.005) SELECT "oauth2_provider_accesstoken"."id", "oauth2_provider_accesstoken"."user_id", "oauth2_provider_accesstoken"."token", "oauth2_provider_accesstoken"."application_id", "oauth2_provider_accesstoken"."expires", "oauth2_provider_accesstoken"."scope", "auths_user"."password", "auths_user"."last_login", "auths_user"."is_superuser", "auths_user"."username", "auths_user"."first_name", "auths_user"."last_name", "auths_user"."email", "auths_user"."is_staff", "auths_user"."is_active", "auths_user"."date_joined", "auths_user"."id", "auths_user"."last_hierarchy_id", "auths_user"."last_module_id", "auths_user"."person_id", "auths_user"."updated_at", "auths_user"."registered_by", "oauth2_provider_application"."id", "oauth2_provider_application"."client_id", "oauth2_provider_application"."user_id", "oauth2_provider_application"."redirect_uris", "oauth2_provider_application"."client_type", "oauth2_provider_application"."authorization_grant_type", "oauth2_provider_application"."client_secret", "oauth2_provider_application"."name", "oauth2_provider_application"."skip_authorization" FROM "oauth2_provider_accesstoken" LEFT OUTER JOIN "auths_user" ON ("oauth2_provider_accesstoken"."user_id" = "auths_user"."id") INNER JOIN "oauth2_provider_application" ON ("oauth2_provider_accesstoken"."application_id" = "oauth2_provider_application"."id") WHERE "oauth2_provider_accesstoken"."token" = 'XBwzwJZJWF0vhFmvt5cPeQabMFeS8M'; args=('XBwzwJZJWF0vhFmvt5cPeQabMFeS8M',)
[2016-05-27 08:32:19] DEBUG [django.db.backends:89] (0.007) SELECT "oauth2_provider_accesstoken"."id", "oauth2_provider_accesstoken"."user_id", "oauth2_provider_accesstoken"."token", "oauth2_provider_accesstoken"."application_id", "oauth2_provider_accesstoken"."expires", "oauth2_provider_accesstoken"."scope", "auths_user"."password", "auths_user"."last_login", "auths_user"."is_superuser", "auths_user"."username", "auths_user"."first_name", "auths_user"."last_name", "auths_user"."email", "auths_user"."is_staff", "auths_user"."is_active", "auths_user"."date_joined", "auths_user"."id", "auths_user"."last_hierarchy_id", "auths_user"."last_module_id", "auths_user"."person_id", "auths_user"."updated_at", "auths_user"."registered_by", "oauth2_provider_application"."id", "oauth2_provider_application"."client_id", "oauth2_provider_application"."user_id", "oauth2_provider_application"."redirect_uris", "oauth2_provider_application"."client_type", "oauth2_provider_application"."authorization_grant_type", "oauth2_provider_application"."client_secret", "oauth2_provider_application"."name", "oauth2_provider_application"."skip_authorization" FROM "oauth2_provider_accesstoken" LEFT OUTER JOIN "auths_user" ON ("oauth2_provider_accesstoken"."user_id" = "auths_user"."id") INNER JOIN "oauth2_provider_application" ON ("oauth2_provider_accesstoken"."application_id" = "oauth2_provider_application"."id") WHERE "oauth2_provider_accesstoken"."token" = 'XBwzwJZJWF0vhFmvt5cPeQabMFeS8M'; args=('XBwzwJZJWF0vhFmvt5cPeQabMFeS8M',)
[2016-05-27 08:32:19] DEBUG [django.db.backends:89] (0.000) SELECT "auth_group"."id", "auth_group"."name" FROM "auth_group" INNER JOIN "auths_user_groups" ON ("auth_group"."id" = "auths_user_groups"."group_id") WHERE "auths_user_groups"."user_id" = '4c7e4779b6bd47198afbd9e574b13d0a'; args=('4c7e4779b6bd47198afbd9e574b13d0a',)
[2016-05-27 08:32:19] DEBUG [django.db.backends:89] (0.013) SELECT "auths_menu"."id" FROM "auths_menu" WHERE ("auths_menu"."id" IS NOT NULL AND "auths_menu"."module" = 'BACKEND' AND "auths_menu"."is_active" = 1) ORDER BY "auths_menu"."pos" ASC; args=('BACKEND', True)
[2016-05-27 08:32:19] DEBUG [django.db.backends:89] (0.003) SELECT "auth_permission"."id", "auth_permission"."name", "auth_permission"."content_type_id", "auth_permission"."codename" FROM "auth_permission" INNER JOIN "auths_user_user_permissions" ON ("auth_permission"."id" = "auths_user_user_permissions"."permission_id") INNER JOIN "django_content_type" ON ("auth_permission"."content_type_id" = "django_content_type"."id") WHERE "auths_user_user_permissions"."user_id" = '4c7e4779b6bd47198afbd9e574b13d0a' ORDER BY "django_content_type"."app_label" ASC, "django_content_type"."model" ASC, "auth_permission"."codename" ASC; args=('4c7e4779b6bd47198afbd9e574b13d0a',)
[2016-05-27 08:32:19] DEBUG [django.db.backends:89] (0.004) SELECT "oauth2_provider_accesstoken"."id", "oauth2_provider_accesstoken"."user_id", "oauth2_provider_accesstoken"."token", "oauth2_provider_accesstoken"."application_id", "oauth2_provider_accesstoken"."expires", "oauth2_provider_accesstoken"."scope", "auths_user"."password", "auths_user"."last_login", "auths_user"."is_superuser", "auths_user"."username", "auths_user"."first_name", "auths_user"."last_name", "auths_user"."email", "auths_user"."is_staff", "auths_user"."is_active", "auths_user"."date_joined", "auths_user"."id", "auths_user"."last_hierarchy_id", "auths_user"."last_module_id", "auths_user"."person_id", "auths_user"."updated_at", "auths_user"."registered_by", "oauth2_provider_application"."id", "oauth2_provider_application"."client_id", "oauth2_provider_application"."user_id", "oauth2_provider_application"."redirect_uris", "oauth2_provider_application"."client_type", "oauth2_provider_application"."authorization_grant_type", "oauth2_provider_application"."client_secret", "oauth2_provider_application"."name", "oauth2_provider_application"."skip_authorization" FROM "oauth2_provider_accesstoken" LEFT OUTER JOIN "auths_user" ON ("oauth2_provider_accesstoken"."user_id" = "auths_user"."id") INNER JOIN "oauth2_provider_application" ON ("oauth2_provider_accesstoken"."application_id" = "oauth2_provider_application"."id") WHERE "oauth2_provider_accesstoken"."token" = 'XBwzwJZJWF0vhFmvt5cPeQabMFeS8M'; args=('XBwzwJZJWF0vhFmvt5cPeQabMFeS8M',)
[2016-05-27 08:32:19] DEBUG [django.db.backends:89] (0.001) SELECT COUNT(*) AS "__count" FROM "auths_menu" WHERE ("auths_menu"."parent_id" IS NULL AND "auths_menu"."parent_id" IS NULL); args=()
[2016-05-27 08:32:35] DEBUG [django.db.backends:89] (0.002) SELECT "django_session"."session_key", "django_session"."session_data", "django_session"."expire_date" FROM "django_session" WHERE ("django_session"."session_key" = 'y0waz4m5mxknd1mhb3b80bv5hzkdp5tx' AND "django_session"."expire_date" > '2016-05-27 13:32:35.366861'); args=('y0waz4m5mxknd1mhb3b80bv5hzkdp5tx', '2016-05-27 13:32:35.366861')
[2016-05-27 08:32:35] DEBUG [django.db.backends:89] (0.000) SELECT "auths_user"."password", "auths_user"."last_login", "auths_user"."is_superuser", "auths_user"."username", "auths_user"."first_name", "auths_user"."last_name", "auths_user"."email", "auths_user"."is_staff", "auths_user"."is_active", "auths_user"."date_joined", "auths_user"."id", "auths_user"."last_hierarchy_id", "auths_user"."last_module_id", "auths_user"."person_id", "auths_user"."updated_at", "auths_user"."registered_by" FROM "auths_user" WHERE "auths_user"."id" = '4c7e4779b6bd47198afbd9e574b13d0a'; args=('4c7e4779b6bd47198afbd9e574b13d0a',)
[2016-05-27 08:32:35] DEBUG [django.template:927] Exception while resolving variable 'is_popup' in template 'admin/app_index.html'.
Traceback (most recent call last):
  File "D:\practian\ioteca\ve_ioteca\lib\site-packages\django\template\base.py", line 883, in _resolve_lookup
    current = current[bit]
  File "D:\practian\ioteca\ve_ioteca\lib\site-packages\django\template\context.py", line 77, in __getitem__
    raise KeyError(key)
KeyError: 'is_popup'

During handling of the above exception, another exception occurred:

Traceback (most recent call last):
  File "D:\practian\ioteca\ve_ioteca\lib\site-packages\django\template\base.py", line 889, in _resolve_lookup
    if isinstance(current, BaseContext) and getattr(type(current), bit):
AttributeError: type object 'RequestContext' has no attribute 'is_popup'

During handling of the above exception, another exception occurred:

Traceback (most recent call last):
  File "D:\practian\ioteca\ve_ioteca\lib\site-packages\django\template\base.py", line 898, in _resolve_lookup
    current = current[int(bit)]
ValueError: invalid literal for int() with base 10: 'is_popup'

During handling of the above exception, another exception occurred:

Traceback (most recent call last):
  File "D:\practian\ioteca\ve_ioteca\lib\site-packages\django\template\base.py", line 905, in _resolve_lookup
    (bit, current))  # missing attribute
django.template.base.VariableDoesNotExist: Failed lookup for key [is_popup] in "[{'False': False, 'True': True, 'None': None}, {'request': <WSGIRequest: GET '/admin/auths/'>, 'messages': <django.contrib.messages.storage.fallback.FallbackStorage object at 0x03FEE930>, 'csrf_token': <SimpleLazyObject: <function csrf.<locals>._get_val at 0x04059B70>>, 'DEFAULT_MESSAGE_LEVELS': {'INFO': 20, 'SUCCESS': 25, 'DEBUG': 10, 'ERROR': 40, 'WARNING': 30}, 'perms': <django.contrib.auth.context_processors.PermWrapper object at 0x040BFDF0>, 'user': <SimpleLazyObject: <User: admin>>}, {}, {'has_permission': True, 'site_url': '/', 'site_title': <django.utils.functional.lazy.<locals>.__proxy__ object at 0x03136930>, 'available_apps': [{'models': [{'perms': {'delete': True, 'change': True, 'add': True}, 'admin_url': '/admin/auth/group/', 'object_name': 'Group', 'add_url': '/admin/auth/group/add/', 'name': <django.utils.functional.lazy.<locals>.__proxy__ object at 0x04017CF0>}, {'perms': {'delete': True, 'change': True, 'add': True}, 'admin_url': '/admin/auth/permission/', 'object_name': 'Permission', 'add_url': '/admin/auth/permission/add/', 'name': <django.utils.functional.lazy.<locals>.__proxy__ object at 0x04017E10>}], 'app_label': 'auth', 'has_module_perms': True, 'app_url': '/admin/auth/', 'name': <django.utils.functional.lazy.<locals>.__proxy__ object at 0x03136F70>}, {'models': [{'perms': {'delete': True, 'change': True, 'add': True}, 'admin_url': '/admin/auths/hierarchytype/', 'object_name': 'HierarchyType', 'add_url': '/admin/auths/hierarchytype/add/', 'name': <django.utils.functional.lazy.<locals>.__proxy__ object at 0x04017D50>}, {'perms': {'delete': True, 'change': True, 'add': True}, 'admin_url': '/admin/auths/hierarchy/', 'object_name': 'Hierarchy', 'add_url': '/admin/auths/hierarchy/add/', 'name': <django.utils.functional.lazy.<locals>.__proxy__ object at 0x04017DD0>}, {'perms': {'delete': True, 'change': True, 'add': True}, 'admin_url': '/admin/auths/menu/', 'object_name': 'Menu', 'add_url': '/admin/auths/menu/add/', 'name': <django.utils.functional.lazy.<locals>.__proxy__ object at 0x04017CD0>}, {'perms': {'delete': True, 'change': True, 'add': True}, 'admin_url': '/admin/auths/person/', 'object_name': 'Person', 'add_url': '/admin/auths/person/add/', 'name': <django.utils.functional.lazy.<locals>.__proxy__ object at 0x04017D90>}, {'perms': {'delete': True, 'change': True, 'add': True}, 'admin_url': '/admin/auths/userhierarchygroup/', 'object_name': 'UserHierarchyGroup', 'add_url': '/admin/auths/userhierarchygroup/add/', 'name': <django.utils.functional.lazy.<locals>.__proxy__ object at 0x04017E30>}, {'perms': {'delete': True, 'change': True, 'add': True}, 'admin_url': '/admin/auths/userhierarchypermission/', 'object_name': 'UserHierarchyPermission', 'add_url': '/admin/auths/userhierarchypermission/add/', 'name': <django.utils.functional.lazy.<locals>.__proxy__ object at 0x04017E70>}, {'perms': {'delete': True, 'change': True, 'add': True}, 'admin_url': '/admin/auths/user/', 'object_name': 'User', 'add_url': '/admin/auths/user/add/', 'name': <django.utils.functional.lazy.<locals>.__proxy__ object at 0x04017D10>}], 'app_label': 'auths', 'has_module_perms': True, 'app_url': '/admin/auths/', 'name': 'Auths'}, {'models': [{'perms': {'delete': True, 'change': True, 'add': True}, 'admin_url': '/admin/contenttypes/contenttype/', 'object_name': 'ContentType', 'add_url': '/admin/contenttypes/contenttype/add/', 'name': <django.utils.functional.lazy.<locals>.__proxy__ object at 0x04017D70>}], 'app_label': 'contenttypes', 'has_module_perms': True, 'app_url': '/admin/contenttypes/', 'name': <django.utils.functional.lazy.<locals>.__proxy__ object at 0x03141070>}, {'models': [{'perms': {'delete': True, 'change': True, 'add': True}, 'admin_url': '/admin/oauth2_provider/accesstoken/', 'object_name': 'AccessToken', 'add_url': '/admin/oauth2_provider/accesstoken/add/', 'name': <django.utils.functional.lazy.<locals>.__proxy__ object at 0x04017DF0>}, {'perms': {'delete': True, 'change': True, 'add': True}, 'admin_url': '/admin/oauth2_provider/application/', 'object_name': 'Application', 'add_url': '/admin/oauth2_provider/application/add/', 'name': <django.utils.functional.lazy.<locals>.__proxy__ object at 0x04017C70>}, {'perms': {'delete': True, 'change': True, 'add': True}, 'admin_url': '/admin/oauth2_provider/grant/', 'object_name': 'Grant', 'add_url': '/admin/oauth2_provider/grant/add/', 'name': <django.utils.functional.lazy.<locals>.__proxy__ object at 0x04017E50>}, {'perms': {'delete': True, 'change': True, 'add': True}, 'admin_url': '/admin/oauth2_provider/refreshtoken/', 'object_name': 'RefreshToken', 'add_url': '/admin/oauth2_provider/refreshtoken/add/', 'name': <django.utils.functional.lazy.<locals>.__proxy__ object at 0x04017A90>}], 'app_label': 'oauth2_provider', 'has_module_perms': True, 'app_url': '/admin/oauth2_provider/', 'name': 'Django OAuth Toolkit'}], 'app_list': [{'models': [{'perms': {'delete': True, 'change': True, 'add': True}, 'admin_url': '/admin/auths/hierarchytype/', 'object_name': 'HierarchyType', 'add_url': '/admin/auths/hierarchytype/add/', 'name': <django.utils.functional.lazy.<locals>.__proxy__ object at 0x04063A10>}, {'perms': {'delete': True, 'change': True, 'add': True}, 'admin_url': '/admin/auths/hierarchy/', 'object_name': 'Hierarchy', 'add_url': '/admin/auths/hierarchy/add/', 'name': <django.utils.functional.lazy.<locals>.__proxy__ object at 0x04017C90>}, {'perms': {'delete': True, 'change': True, 'add': True}, 'admin_url': '/admin/auths/menu/', 'object_name': 'Menu', 'add_url': '/admin/auths/menu/add/', 'name': <django.utils.functional.lazy.<locals>.__proxy__ object at 0x04017CB0>}, {'perms': {'delete': True, 'change': True, 'add': True}, 'admin_url': '/admin/auths/person/', 'object_name': 'Person', 'add_url': '/admin/auths/person/add/', 'name': <django.utils.functional.lazy.<locals>.__proxy__ object at 0x04063970>}, {'perms': {'delete': True, 'change': True, 'add': True}, 'admin_url': '/admin/auths/userhierarchygroup/', 'object_name': 'UserHierarchyGroup', 'add_url': '/admin/auths/userhierarchygroup/add/', 'name': <django.utils.functional.lazy.<locals>.__proxy__ object at 0x04017D30>}, {'perms': {'delete': True, 'change': True, 'add': True}, 'admin_url': '/admin/auths/userhierarchypermission/', 'object_name': 'UserHierarchyPermission', 'add_url': '/admin/auths/userhierarchypermission/add/', 'name': <django.utils.functional.lazy.<locals>.__proxy__ object at 0x03E5B650>}, {'perms': {'delete': True, 'change': True, 'add': True}, 'admin_url': '/admin/auths/user/', 'object_name': 'User', 'add_url': '/admin/auths/user/add/', 'name': <django.utils.functional.lazy.<locals>.__proxy__ object at 0x0404F050>}], 'app_label': 'auths', 'has_module_perms': True, 'app_url': '/admin/auths/', 'name': 'Auths'}], 'LANGUAGE_CODE': 'en-us', 'app_label': 'auths', 'site_header': <django.utils.functional.lazy.<locals>.__proxy__ object at 0x031369F0>, 'LANGUAGE_BIDI': False, 'title': 'Auths administration'}]"
[2016-05-27 08:32:35] DEBUG [django.template:927] Exception while resolving variable 'is_popup' in template 'admin/app_index.html'.
Traceback (most recent call last):
  File "D:\practian\ioteca\ve_ioteca\lib\site-packages\django\template\base.py", line 883, in _resolve_lookup
    current = current[bit]
  File "D:\practian\ioteca\ve_ioteca\lib\site-packages\django\template\context.py", line 77, in __getitem__
    raise KeyError(key)
KeyError: 'is_popup'

During handling of the above exception, another exception occurred:

Traceback (most recent call last):
  File "D:\practian\ioteca\ve_ioteca\lib\site-packages\django\template\base.py", line 889, in _resolve_lookup
    if isinstance(current, BaseContext) and getattr(type(current), bit):
AttributeError: type object 'RequestContext' has no attribute 'is_popup'

During handling of the above exception, another exception occurred:

Traceback (most recent call last):
  File "D:\practian\ioteca\ve_ioteca\lib\site-packages\django\template\base.py", line 898, in _resolve_lookup
    current = current[int(bit)]
ValueError: invalid literal for int() with base 10: 'is_popup'

During handling of the above exception, another exception occurred:

Traceback (most recent call last):
  File "D:\practian\ioteca\ve_ioteca\lib\site-packages\django\template\base.py", line 905, in _resolve_lookup
    (bit, current))  # missing attribute
django.template.base.VariableDoesNotExist: Failed lookup for key [is_popup] in "[{'False': False, 'True': True, 'None': None}, {'request': <WSGIRequest: GET '/admin/auths/'>, 'messages': <django.contrib.messages.storage.fallback.FallbackStorage object at 0x03FEE930>, 'csrf_token': <SimpleLazyObject: <function csrf.<locals>._get_val at 0x04059B70>>, 'DEFAULT_MESSAGE_LEVELS': {'INFO': 20, 'SUCCESS': 25, 'DEBUG': 10, 'ERROR': 40, 'WARNING': 30}, 'perms': <django.contrib.auth.context_processors.PermWrapper object at 0x040BFDF0>, 'user': <SimpleLazyObject: <User: admin>>}, {}, {'has_permission': True, 'site_url': '/', 'site_title': <django.utils.functional.lazy.<locals>.__proxy__ object at 0x03136930>, 'available_apps': [{'models': [{'perms': {'delete': True, 'change': True, 'add': True}, 'admin_url': '/admin/auth/group/', 'object_name': 'Group', 'add_url': '/admin/auth/group/add/', 'name': <django.utils.functional.lazy.<locals>.__proxy__ object at 0x04017CF0>}, {'perms': {'delete': True, 'change': True, 'add': True}, 'admin_url': '/admin/auth/permission/', 'object_name': 'Permission', 'add_url': '/admin/auth/permission/add/', 'name': <django.utils.functional.lazy.<locals>.__proxy__ object at 0x04017E10>}], 'app_label': 'auth', 'has_module_perms': True, 'app_url': '/admin/auth/', 'name': <django.utils.functional.lazy.<locals>.__proxy__ object at 0x03136F70>}, {'models': [{'perms': {'delete': True, 'change': True, 'add': True}, 'admin_url': '/admin/auths/hierarchytype/', 'object_name': 'HierarchyType', 'add_url': '/admin/auths/hierarchytype/add/', 'name': <django.utils.functional.lazy.<locals>.__proxy__ object at 0x04017D50>}, {'perms': {'delete': True, 'change': True, 'add': True}, 'admin_url': '/admin/auths/hierarchy/', 'object_name': 'Hierarchy', 'add_url': '/admin/auths/hierarchy/add/', 'name': <django.utils.functional.lazy.<locals>.__proxy__ object at 0x04017DD0>}, {'perms': {'delete': True, 'change': True, 'add': True}, 'admin_url': '/admin/auths/menu/', 'object_name': 'Menu', 'add_url': '/admin/auths/menu/add/', 'name': <django.utils.functional.lazy.<locals>.__proxy__ object at 0x04017CD0>}, {'perms': {'delete': True, 'change': True, 'add': True}, 'admin_url': '/admin/auths/person/', 'object_name': 'Person', 'add_url': '/admin/auths/person/add/', 'name': <django.utils.functional.lazy.<locals>.__proxy__ object at 0x04017D90>}, {'perms': {'delete': True, 'change': True, 'add': True}, 'admin_url': '/admin/auths/userhierarchygroup/', 'object_name': 'UserHierarchyGroup', 'add_url': '/admin/auths/userhierarchygroup/add/', 'name': <django.utils.functional.lazy.<locals>.__proxy__ object at 0x04017E30>}, {'perms': {'delete': True, 'change': True, 'add': True}, 'admin_url': '/admin/auths/userhierarchypermission/', 'object_name': 'UserHierarchyPermission', 'add_url': '/admin/auths/userhierarchypermission/add/', 'name': <django.utils.functional.lazy.<locals>.__proxy__ object at 0x04017E70>}, {'perms': {'delete': True, 'change': True, 'add': True}, 'admin_url': '/admin/auths/user/', 'object_name': 'User', 'add_url': '/admin/auths/user/add/', 'name': <django.utils.functional.lazy.<locals>.__proxy__ object at 0x04017D10>}], 'app_label': 'auths', 'has_module_perms': True, 'app_url': '/admin/auths/', 'name': 'Auths'}, {'models': [{'perms': {'delete': True, 'change': True, 'add': True}, 'admin_url': '/admin/contenttypes/contenttype/', 'object_name': 'ContentType', 'add_url': '/admin/contenttypes/contenttype/add/', 'name': <django.utils.functional.lazy.<locals>.__proxy__ object at 0x04017D70>}], 'app_label': 'contenttypes', 'has_module_perms': True, 'app_url': '/admin/contenttypes/', 'name': <django.utils.functional.lazy.<locals>.__proxy__ object at 0x03141070>}, {'models': [{'perms': {'delete': True, 'change': True, 'add': True}, 'admin_url': '/admin/oauth2_provider/accesstoken/', 'object_name': 'AccessToken', 'add_url': '/admin/oauth2_provider/accesstoken/add/', 'name': <django.utils.functional.lazy.<locals>.__proxy__ object at 0x04017DF0>}, {'perms': {'delete': True, 'change': True, 'add': True}, 'admin_url': '/admin/oauth2_provider/application/', 'object_name': 'Application', 'add_url': '/admin/oauth2_provider/application/add/', 'name': <django.utils.functional.lazy.<locals>.__proxy__ object at 0x04017C70>}, {'perms': {'delete': True, 'change': True, 'add': True}, 'admin_url': '/admin/oauth2_provider/grant/', 'object_name': 'Grant', 'add_url': '/admin/oauth2_provider/grant/add/', 'name': <django.utils.functional.lazy.<locals>.__proxy__ object at 0x04017E50>}, {'perms': {'delete': True, 'change': True, 'add': True}, 'admin_url': '/admin/oauth2_provider/refreshtoken/', 'object_name': 'RefreshToken', 'add_url': '/admin/oauth2_provider/refreshtoken/add/', 'name': <django.utils.functional.lazy.<locals>.__proxy__ object at 0x04017A90>}], 'app_label': 'oauth2_provider', 'has_module_perms': True, 'app_url': '/admin/oauth2_provider/', 'name': 'Django OAuth Toolkit'}], 'app_list': [{'models': [{'perms': {'delete': True, 'change': True, 'add': True}, 'admin_url': '/admin/auths/hierarchytype/', 'object_name': 'HierarchyType', 'add_url': '/admin/auths/hierarchytype/add/', 'name': <django.utils.functional.lazy.<locals>.__proxy__ object at 0x04063A10>}, {'perms': {'delete': True, 'change': True, 'add': True}, 'admin_url': '/admin/auths/hierarchy/', 'object_name': 'Hierarchy', 'add_url': '/admin/auths/hierarchy/add/', 'name': <django.utils.functional.lazy.<locals>.__proxy__ object at 0x04017C90>}, {'perms': {'delete': True, 'change': True, 'add': True}, 'admin_url': '/admin/auths/menu/', 'object_name': 'Menu', 'add_url': '/admin/auths/menu/add/', 'name': <django.utils.functional.lazy.<locals>.__proxy__ object at 0x04017CB0>}, {'perms': {'delete': True, 'change': True, 'add': True}, 'admin_url': '/admin/auths/person/', 'object_name': 'Person', 'add_url': '/admin/auths/person/add/', 'name': <django.utils.functional.lazy.<locals>.__proxy__ object at 0x04063970>}, {'perms': {'delete': True, 'change': True, 'add': True}, 'admin_url': '/admin/auths/userhierarchygroup/', 'object_name': 'UserHierarchyGroup', 'add_url': '/admin/auths/userhierarchygroup/add/', 'name': <django.utils.functional.lazy.<locals>.__proxy__ object at 0x04017D30>}, {'perms': {'delete': True, 'change': True, 'add': True}, 'admin_url': '/admin/auths/userhierarchypermission/', 'object_name': 'UserHierarchyPermission', 'add_url': '/admin/auths/userhierarchypermission/add/', 'name': <django.utils.functional.lazy.<locals>.__proxy__ object at 0x03E5B650>}, {'perms': {'delete': True, 'change': True, 'add': True}, 'admin_url': '/admin/auths/user/', 'object_name': 'User', 'add_url': '/admin/auths/user/add/', 'name': <django.utils.functional.lazy.<locals>.__proxy__ object at 0x0404F050>}], 'app_label': 'auths', 'has_module_perms': True, 'app_url': '/admin/auths/', 'name': 'Auths'}], 'LANGUAGE_CODE': 'en-us', 'app_label': 'auths', 'site_header': <django.utils.functional.lazy.<locals>.__proxy__ object at 0x031369F0>, 'LANGUAGE_BIDI': False, 'title': 'Auths administration'}]"
[2016-05-27 08:32:41] DEBUG [django.db.backends:89] (0.001) SELECT "django_session"."session_key", "django_session"."session_data", "django_session"."expire_date" FROM "django_session" WHERE ("django_session"."session_key" = 'y0waz4m5mxknd1mhb3b80bv5hzkdp5tx' AND "django_session"."expire_date" > '2016-05-27 13:32:41.317202'); args=('y0waz4m5mxknd1mhb3b80bv5hzkdp5tx', '2016-05-27 13:32:41.317202')
[2016-05-27 08:32:41] DEBUG [django.db.backends:89] (0.000) SELECT "auths_user"."password", "auths_user"."last_login", "auths_user"."is_superuser", "auths_user"."username", "auths_user"."first_name", "auths_user"."last_name", "auths_user"."email", "auths_user"."is_staff", "auths_user"."is_active", "auths_user"."date_joined", "auths_user"."id", "auths_user"."last_hierarchy_id", "auths_user"."last_module_id", "auths_user"."person_id", "auths_user"."updated_at", "auths_user"."registered_by" FROM "auths_user" WHERE "auths_user"."id" = '4c7e4779b6bd47198afbd9e574b13d0a'; args=('4c7e4779b6bd47198afbd9e574b13d0a',)
[2016-05-27 08:32:41] DEBUG [django.db.backends:89] (0.000) SELECT COUNT(*) AS "__count" FROM "auths_menu"; args=()
[2016-05-27 08:32:41] DEBUG [django.db.backends:89] (0.000) SELECT "auths_menu"."id", "auths_menu"."module", "auths_menu"."state", "auths_menu"."title", "auths_menu"."url", "auths_menu"."template_url", "auths_menu"."pos", "auths_menu"."icon", "auths_menu"."is_active", "auths_menu"."is_abstract", "auths_menu"."description", "auths_menu"."permission_id", "auths_menu"."parent_id", "auths_menu"."created_at", "auths_menu"."updated_at", "auths_menu"."registered_by" FROM "auths_menu" ORDER BY "auths_menu"."id" DESC; args=()
[2016-05-27 08:32:41] DEBUG [django.template:927] Exception while resolving variable 'errors' in template 'admin/change_list.html'.
Traceback (most recent call last):
  File "D:\practian\ioteca\ve_ioteca\lib\site-packages\django\template\base.py", line 883, in _resolve_lookup
    current = current[bit]
TypeError: 'NoneType' object is not subscriptable

During handling of the above exception, another exception occurred:

Traceback (most recent call last):
  File "D:\practian\ioteca\ve_ioteca\lib\site-packages\django\template\base.py", line 891, in _resolve_lookup
    current = getattr(current, bit)
AttributeError: 'NoneType' object has no attribute 'errors'

During handling of the above exception, another exception occurred:

Traceback (most recent call last):
  File "D:\practian\ioteca\ve_ioteca\lib\site-packages\django\template\base.py", line 898, in _resolve_lookup
    current = current[int(bit)]
ValueError: invalid literal for int() with base 10: 'errors'

During handling of the above exception, another exception occurred:

Traceback (most recent call last):
  File "D:\practian\ioteca\ve_ioteca\lib\site-packages\django\template\base.py", line 905, in _resolve_lookup
    (bit, current))  # missing attribute
django.template.base.VariableDoesNotExist: Failed lookup for key [errors] in 'None'
[2016-05-27 08:32:41] DEBUG [django.template:927] Exception while resolving variable 'show' in template 'admin/change_list.html'.
Traceback (most recent call last):
  File "D:\practian\ioteca\ve_ioteca\lib\site-packages\django\template\base.py", line 883, in _resolve_lookup
    current = current[bit]
  File "D:\practian\ioteca\ve_ioteca\lib\site-packages\django\template\context.py", line 77, in __getitem__
    raise KeyError(key)
KeyError: 'show'

During handling of the above exception, another exception occurred:

Traceback (most recent call last):
  File "D:\practian\ioteca\ve_ioteca\lib\site-packages\django\template\base.py", line 889, in _resolve_lookup
    if isinstance(current, BaseContext) and getattr(type(current), bit):
AttributeError: type object 'RequestContext' has no attribute 'show'

During handling of the above exception, another exception occurred:

Traceback (most recent call last):
  File "D:\practian\ioteca\ve_ioteca\lib\site-packages\django\template\base.py", line 898, in _resolve_lookup
    current = current[int(bit)]
ValueError: invalid literal for int() with base 10: 'show'

During handling of the above exception, another exception occurred:

Traceback (most recent call last):
  File "D:\practian\ioteca\ve_ioteca\lib\site-packages\django\template\base.py", line 905, in _resolve_lookup
    (bit, current))  # missing attribute
django.template.base.VariableDoesNotExist: Failed lookup for key [show] in "[{'csrf_token': <SimpleLazyObject: <function csrf.<locals>._get_val at 0x040B89C0>>, 'False': False, 'True': True, 'None': None}]"
[2016-05-27 08:32:41] DEBUG [django.template:927] Exception while resolving variable 'is_multipart' in template 'admin/change_list.html'.
Traceback (most recent call last):
  File "D:\practian\ioteca\ve_ioteca\lib\site-packages\django\template\base.py", line 883, in _resolve_lookup
    current = current[bit]
TypeError: 'NoneType' object is not subscriptable

During handling of the above exception, another exception occurred:

Traceback (most recent call last):
  File "D:\practian\ioteca\ve_ioteca\lib\site-packages\django\template\base.py", line 891, in _resolve_lookup
    current = getattr(current, bit)
AttributeError: 'NoneType' object has no attribute 'is_multipart'

During handling of the above exception, another exception occurred:

Traceback (most recent call last):
  File "D:\practian\ioteca\ve_ioteca\lib\site-packages\django\template\base.py", line 898, in _resolve_lookup
    current = current[int(bit)]
ValueError: invalid literal for int() with base 10: 'is_multipart'

During handling of the above exception, another exception occurred:

Traceback (most recent call last):
  File "D:\practian\ioteca\ve_ioteca\lib\site-packages\django\template\base.py", line 905, in _resolve_lookup
    (bit, current))  # missing attribute
django.template.base.VariableDoesNotExist: Failed lookup for key [is_multipart] in 'None'
[2016-05-27 08:32:41] DEBUG [django.db.backends:89] (0.003) SELECT "django_session"."session_key", "django_session"."session_data", "django_session"."expire_date" FROM "django_session" WHERE ("django_session"."session_key" = 'y0waz4m5mxknd1mhb3b80bv5hzkdp5tx' AND "django_session"."expire_date" > '2016-05-27 13:32:41.828231'); args=('y0waz4m5mxknd1mhb3b80bv5hzkdp5tx', '2016-05-27 13:32:41.828231')
[2016-05-27 08:32:41] DEBUG [django.db.backends:89] (0.001) SELECT "auths_user"."password", "auths_user"."last_login", "auths_user"."is_superuser", "auths_user"."username", "auths_user"."first_name", "auths_user"."last_name", "auths_user"."email", "auths_user"."is_staff", "auths_user"."is_active", "auths_user"."date_joined", "auths_user"."id", "auths_user"."last_hierarchy_id", "auths_user"."last_module_id", "auths_user"."person_id", "auths_user"."updated_at", "auths_user"."registered_by" FROM "auths_user" WHERE "auths_user"."id" = '4c7e4779b6bd47198afbd9e574b13d0a'; args=('4c7e4779b6bd47198afbd9e574b13d0a',)
[2016-05-27 08:32:42] DEBUG [django.db.backends:89] (0.002) SELECT "django_session"."session_key", "django_session"."session_data", "django_session"."expire_date" FROM "django_session" WHERE ("django_session"."session_key" = 'y0waz4m5mxknd1mhb3b80bv5hzkdp5tx' AND "django_session"."expire_date" > '2016-05-27 13:32:42.861290'); args=('y0waz4m5mxknd1mhb3b80bv5hzkdp5tx', '2016-05-27 13:32:42.861290')
[2016-05-27 08:32:42] DEBUG [django.db.backends:89] (0.000) SELECT "auths_user"."password", "auths_user"."last_login", "auths_user"."is_superuser", "auths_user"."username", "auths_user"."first_name", "auths_user"."last_name", "auths_user"."email", "auths_user"."is_staff", "auths_user"."is_active", "auths_user"."date_joined", "auths_user"."id", "auths_user"."last_hierarchy_id", "auths_user"."last_module_id", "auths_user"."person_id", "auths_user"."updated_at", "auths_user"."registered_by" FROM "auths_user" WHERE "auths_user"."id" = '4c7e4779b6bd47198afbd9e574b13d0a'; args=('4c7e4779b6bd47198afbd9e574b13d0a',)
[2016-05-27 08:32:45] DEBUG [django.db.backends:89] (0.002) SELECT "django_session"."session_key", "django_session"."session_data", "django_session"."expire_date" FROM "django_session" WHERE ("django_session"."session_key" = 'y0waz4m5mxknd1mhb3b80bv5hzkdp5tx' AND "django_session"."expire_date" > '2016-05-27 13:32:45.856461'); args=('y0waz4m5mxknd1mhb3b80bv5hzkdp5tx', '2016-05-27 13:32:45.856461')
[2016-05-27 08:32:45] DEBUG [django.db.backends:89] (0.000) SELECT "auths_user"."password", "auths_user"."last_login", "auths_user"."is_superuser", "auths_user"."username", "auths_user"."first_name", "auths_user"."last_name", "auths_user"."email", "auths_user"."is_staff", "auths_user"."is_active", "auths_user"."date_joined", "auths_user"."id", "auths_user"."last_hierarchy_id", "auths_user"."last_module_id", "auths_user"."person_id", "auths_user"."updated_at", "auths_user"."registered_by" FROM "auths_user" WHERE "auths_user"."id" = '4c7e4779b6bd47198afbd9e574b13d0a'; args=('4c7e4779b6bd47198afbd9e574b13d0a',)
[2016-05-27 08:32:45] DEBUG [django.db.backends:89] (0.000) BEGIN; args=None
[2016-05-27 08:32:45] DEBUG [django.db.backends:89] (0.000) SELECT "django_content_type"."id", "django_content_type"."app_label", "django_content_type"."model" FROM "django_content_type" WHERE ("django_content_type"."app_label" = 'auths' AND "django_content_type"."model" = 'menu'); args=('auths', 'menu')
[2016-05-27 08:32:46] DEBUG [django.db.backends:89] (0.001) SELECT "auth_permission"."id", "auth_permission"."name", "auth_permission"."content_type_id", "auth_permission"."codename" FROM "auth_permission" INNER JOIN "django_content_type" ON ("auth_permission"."content_type_id" = "django_content_type"."id") ORDER BY "django_content_type"."app_label" ASC, "django_content_type"."model" ASC, "auth_permission"."codename" ASC; args=()
[2016-05-27 08:32:46] DEBUG [django.db.backends:89] (0.001) SELECT "django_content_type"."id", "django_content_type"."app_label", "django_content_type"."model" FROM "django_content_type" WHERE "django_content_type"."id" = 1; args=(1,)
[2016-05-27 08:32:46] DEBUG [django.db.backends:89] (0.000) SELECT "django_content_type"."id", "django_content_type"."app_label", "django_content_type"."model" FROM "django_content_type" WHERE "django_content_type"."id" = 1; args=(1,)
[2016-05-27 08:32:46] DEBUG [django.db.backends:89] (0.000) SELECT "django_content_type"."id", "django_content_type"."app_label", "django_content_type"."model" FROM "django_content_type" WHERE "django_content_type"."id" = 1; args=(1,)
[2016-05-27 08:32:46] DEBUG [django.db.backends:89] (0.000) SELECT "django_content_type"."id", "django_content_type"."app_label", "django_content_type"."model" FROM "django_content_type" WHERE "django_content_type"."id" = 3; args=(3,)
[2016-05-27 08:32:46] DEBUG [django.db.backends:89] (0.000) SELECT "django_content_type"."id", "django_content_type"."app_label", "django_content_type"."model" FROM "django_content_type" WHERE "django_content_type"."id" = 3; args=(3,)
[2016-05-27 08:32:46] DEBUG [django.db.backends:89] (0.000) SELECT "django_content_type"."id", "django_content_type"."app_label", "django_content_type"."model" FROM "django_content_type" WHERE "django_content_type"."id" = 3; args=(3,)
[2016-05-27 08:32:46] DEBUG [django.db.backends:89] (0.001) SELECT "django_content_type"."id", "django_content_type"."app_label", "django_content_type"."model" FROM "django_content_type" WHERE "django_content_type"."id" = 2; args=(2,)
[2016-05-27 08:32:46] DEBUG [django.db.backends:89] (0.000) SELECT "django_content_type"."id", "django_content_type"."app_label", "django_content_type"."model" FROM "django_content_type" WHERE "django_content_type"."id" = 2; args=(2,)
[2016-05-27 08:32:46] DEBUG [django.db.backends:89] (0.000) SELECT "django_content_type"."id", "django_content_type"."app_label", "django_content_type"."model" FROM "django_content_type" WHERE "django_content_type"."id" = 2; args=(2,)
[2016-05-27 08:32:46] DEBUG [django.db.backends:89] (0.000) SELECT "django_content_type"."id", "django_content_type"."app_label", "django_content_type"."model" FROM "django_content_type" WHERE "django_content_type"."id" = 9; args=(9,)
[2016-05-27 08:32:46] DEBUG [django.db.backends:89] (0.000) SELECT "django_content_type"."id", "django_content_type"."app_label", "django_content_type"."model" FROM "django_content_type" WHERE "django_content_type"."id" = 9; args=(9,)
[2016-05-27 08:32:46] DEBUG [django.db.backends:89] (0.001) SELECT "django_content_type"."id", "django_content_type"."app_label", "django_content_type"."model" FROM "django_content_type" WHERE "django_content_type"."id" = 9; args=(9,)
[2016-05-27 08:32:46] DEBUG [django.db.backends:89] (0.000) SELECT "django_content_type"."id", "django_content_type"."app_label", "django_content_type"."model" FROM "django_content_type" WHERE "django_content_type"."id" = 9; args=(9,)
[2016-05-27 08:32:46] DEBUG [django.db.backends:89] (0.000) SELECT "django_content_type"."id", "django_content_type"."app_label", "django_content_type"."model" FROM "django_content_type" WHERE "django_content_type"."id" = 9; args=(9,)
[2016-05-27 08:32:46] DEBUG [django.db.backends:89] (0.000) SELECT "django_content_type"."id", "django_content_type"."app_label", "django_content_type"."model" FROM "django_content_type" WHERE "django_content_type"."id" = 8; args=(8,)
[2016-05-27 08:32:46] DEBUG [django.db.backends:89] (0.000) SELECT "django_content_type"."id", "django_content_type"."app_label", "django_content_type"."model" FROM "django_content_type" WHERE "django_content_type"."id" = 8; args=(8,)
[2016-05-27 08:32:46] DEBUG [django.db.backends:89] (0.000) SELECT "django_content_type"."id", "django_content_type"."app_label", "django_content_type"."model" FROM "django_content_type" WHERE "django_content_type"."id" = 8; args=(8,)
[2016-05-27 08:32:46] DEBUG [django.db.backends:89] (0.000) SELECT "django_content_type"."id", "django_content_type"."app_label", "django_content_type"."model" FROM "django_content_type" WHERE "django_content_type"."id" = 8; args=(8,)
[2016-05-27 08:32:46] DEBUG [django.db.backends:89] (0.000) SELECT "django_content_type"."id", "django_content_type"."app_label", "django_content_type"."model" FROM "django_content_type" WHERE "django_content_type"."id" = 8; args=(8,)
[2016-05-27 08:32:46] DEBUG [django.db.backends:89] (0.000) SELECT "django_content_type"."id", "django_content_type"."app_label", "django_content_type"."model" FROM "django_content_type" WHERE "django_content_type"."id" = 10; args=(10,)
[2016-05-27 08:32:46] DEBUG [django.db.backends:89] (0.000) SELECT "django_content_type"."id", "django_content_type"."app_label", "django_content_type"."model" FROM "django_content_type" WHERE "django_content_type"."id" = 10; args=(10,)
[2016-05-27 08:32:46] DEBUG [django.db.backends:89] (0.000) SELECT "django_content_type"."id", "django_content_type"."app_label", "django_content_type"."model" FROM "django_content_type" WHERE "django_content_type"."id" = 10; args=(10,)
[2016-05-27 08:32:46] DEBUG [django.db.backends:89] (0.000) SELECT "django_content_type"."id", "django_content_type"."app_label", "django_content_type"."model" FROM "django_content_type" WHERE "django_content_type"."id" = 10; args=(10,)
[2016-05-27 08:32:46] DEBUG [django.db.backends:89] (0.001) SELECT "django_content_type"."id", "django_content_type"."app_label", "django_content_type"."model" FROM "django_content_type" WHERE "django_content_type"."id" = 10; args=(10,)
[2016-05-27 08:32:46] DEBUG [django.db.backends:89] (0.000) SELECT "django_content_type"."id", "django_content_type"."app_label", "django_content_type"."model" FROM "django_content_type" WHERE "django_content_type"."id" = 6; args=(6,)
[2016-05-27 08:32:46] DEBUG [django.db.backends:89] (0.001) SELECT "django_content_type"."id", "django_content_type"."app_label", "django_content_type"."model" FROM "django_content_type" WHERE "django_content_type"."id" = 6; args=(6,)
[2016-05-27 08:32:46] DEBUG [django.db.backends:89] (0.000) SELECT "django_content_type"."id", "django_content_type"."app_label", "django_content_type"."model" FROM "django_content_type" WHERE "django_content_type"."id" = 6; args=(6,)
[2016-05-27 08:32:46] DEBUG [django.db.backends:89] (0.000) SELECT "django_content_type"."id", "django_content_type"."app_label", "django_content_type"."model" FROM "django_content_type" WHERE "django_content_type"."id" = 7; args=(7,)
[2016-05-27 08:32:46] DEBUG [django.db.backends:89] (0.000) SELECT "django_content_type"."id", "django_content_type"."app_label", "django_content_type"."model" FROM "django_content_type" WHERE "django_content_type"."id" = 7; args=(7,)
[2016-05-27 08:32:46] DEBUG [django.db.backends:89] (0.000) SELECT "django_content_type"."id", "django_content_type"."app_label", "django_content_type"."model" FROM "django_content_type" WHERE "django_content_type"."id" = 7; args=(7,)
[2016-05-27 08:32:46] DEBUG [django.db.backends:89] (0.000) SELECT "django_content_type"."id", "django_content_type"."app_label", "django_content_type"."model" FROM "django_content_type" WHERE "django_content_type"."id" = 7; args=(7,)
[2016-05-27 08:32:46] DEBUG [django.db.backends:89] (0.001) SELECT "django_content_type"."id", "django_content_type"."app_label", "django_content_type"."model" FROM "django_content_type" WHERE "django_content_type"."id" = 7; args=(7,)
[2016-05-27 08:32:46] DEBUG [django.db.backends:89] (0.000) SELECT "django_content_type"."id", "django_content_type"."app_label", "django_content_type"."model" FROM "django_content_type" WHERE "django_content_type"."id" = 11; args=(11,)
[2016-05-27 08:32:46] DEBUG [django.db.backends:89] (0.001) SELECT "django_content_type"."id", "django_content_type"."app_label", "django_content_type"."model" FROM "django_content_type" WHERE "django_content_type"."id" = 11; args=(11,)
[2016-05-27 08:32:46] DEBUG [django.db.backends:89] (0.000) SELECT "django_content_type"."id", "django_content_type"."app_label", "django_content_type"."model" FROM "django_content_type" WHERE "django_content_type"."id" = 11; args=(11,)
[2016-05-27 08:32:46] DEBUG [django.db.backends:89] (0.000) SELECT "django_content_type"."id", "django_content_type"."app_label", "django_content_type"."model" FROM "django_content_type" WHERE "django_content_type"."id" = 12; args=(12,)
[2016-05-27 08:32:46] DEBUG [django.db.backends:89] (0.001) SELECT "django_content_type"."id", "django_content_type"."app_label", "django_content_type"."model" FROM "django_content_type" WHERE "django_content_type"."id" = 12; args=(12,)
[2016-05-27 08:32:46] DEBUG [django.db.backends:89] (0.000) SELECT "django_content_type"."id", "django_content_type"."app_label", "django_content_type"."model" FROM "django_content_type" WHERE "django_content_type"."id" = 12; args=(12,)
[2016-05-27 08:32:46] DEBUG [django.db.backends:89] (0.000) SELECT "django_content_type"."id", "django_content_type"."app_label", "django_content_type"."model" FROM "django_content_type" WHERE "django_content_type"."id" = 4; args=(4,)
[2016-05-27 08:32:46] DEBUG [django.db.backends:89] (0.000) SELECT "django_content_type"."id", "django_content_type"."app_label", "django_content_type"."model" FROM "django_content_type" WHERE "django_content_type"."id" = 4; args=(4,)
[2016-05-27 08:32:46] DEBUG [django.db.backends:89] (0.000) SELECT "django_content_type"."id", "django_content_type"."app_label", "django_content_type"."model" FROM "django_content_type" WHERE "django_content_type"."id" = 4; args=(4,)
[2016-05-27 08:32:46] DEBUG [django.db.backends:89] (0.000) SELECT "django_content_type"."id", "django_content_type"."app_label", "django_content_type"."model" FROM "django_content_type" WHERE "django_content_type"."id" = 13; args=(13,)
[2016-05-27 08:32:46] DEBUG [django.db.backends:89] (0.000) SELECT "django_content_type"."id", "django_content_type"."app_label", "django_content_type"."model" FROM "django_content_type" WHERE "django_content_type"."id" = 13; args=(13,)
[2016-05-27 08:32:46] DEBUG [django.db.backends:89] (0.000) SELECT "django_content_type"."id", "django_content_type"."app_label", "django_content_type"."model" FROM "django_content_type" WHERE "django_content_type"."id" = 13; args=(13,)
[2016-05-27 08:32:46] DEBUG [django.db.backends:89] (0.000) SELECT "django_content_type"."id", "django_content_type"."app_label", "django_content_type"."model" FROM "django_content_type" WHERE "django_content_type"."id" = 16; args=(16,)
[2016-05-27 08:32:46] DEBUG [django.db.backends:89] (0.000) SELECT "django_content_type"."id", "django_content_type"."app_label", "django_content_type"."model" FROM "django_content_type" WHERE "django_content_type"."id" = 16; args=(16,)
[2016-05-27 08:32:46] DEBUG [django.db.backends:89] (0.000) SELECT "django_content_type"."id", "django_content_type"."app_label", "django_content_type"."model" FROM "django_content_type" WHERE "django_content_type"."id" = 16; args=(16,)
[2016-05-27 08:32:46] DEBUG [django.db.backends:89] (0.000) SELECT "django_content_type"."id", "django_content_type"."app_label", "django_content_type"."model" FROM "django_content_type" WHERE "django_content_type"."id" = 14; args=(14,)
[2016-05-27 08:32:46] DEBUG [django.db.backends:89] (0.000) SELECT "django_content_type"."id", "django_content_type"."app_label", "django_content_type"."model" FROM "django_content_type" WHERE "django_content_type"."id" = 14; args=(14,)
[2016-05-27 08:32:46] DEBUG [django.db.backends:89] (0.001) SELECT "django_content_type"."id", "django_content_type"."app_label", "django_content_type"."model" FROM "django_content_type" WHERE "django_content_type"."id" = 14; args=(14,)
[2016-05-27 08:32:46] DEBUG [django.db.backends:89] (0.000) SELECT "django_content_type"."id", "django_content_type"."app_label", "django_content_type"."model" FROM "django_content_type" WHERE "django_content_type"."id" = 15; args=(15,)
[2016-05-27 08:32:46] DEBUG [django.db.backends:89] (0.000) SELECT "django_content_type"."id", "django_content_type"."app_label", "django_content_type"."model" FROM "django_content_type" WHERE "django_content_type"."id" = 15; args=(15,)
[2016-05-27 08:32:46] DEBUG [django.db.backends:89] (0.001) SELECT "django_content_type"."id", "django_content_type"."app_label", "django_content_type"."model" FROM "django_content_type" WHERE "django_content_type"."id" = 15; args=(15,)
[2016-05-27 08:32:46] DEBUG [django.db.backends:89] (0.000) SELECT "django_content_type"."id", "django_content_type"."app_label", "django_content_type"."model" FROM "django_content_type" WHERE "django_content_type"."id" = 17; args=(17,)
[2016-05-27 08:32:46] DEBUG [django.db.backends:89] (0.000) SELECT "django_content_type"."id", "django_content_type"."app_label", "django_content_type"."model" FROM "django_content_type" WHERE "django_content_type"."id" = 17; args=(17,)
[2016-05-27 08:32:46] DEBUG [django.db.backends:89] (0.000) SELECT "django_content_type"."id", "django_content_type"."app_label", "django_content_type"."model" FROM "django_content_type" WHERE "django_content_type"."id" = 17; args=(17,)
[2016-05-27 08:32:46] DEBUG [django.db.backends:89] (0.000) SELECT "django_content_type"."id", "django_content_type"."app_label", "django_content_type"."model" FROM "django_content_type" WHERE "django_content_type"."id" = 5; args=(5,)
[2016-05-27 08:32:46] DEBUG [django.db.backends:89] (0.001) SELECT "django_content_type"."id", "django_content_type"."app_label", "django_content_type"."model" FROM "django_content_type" WHERE "django_content_type"."id" = 5; args=(5,)
[2016-05-27 08:32:46] DEBUG [django.db.backends:89] (0.000) SELECT "django_content_type"."id", "django_content_type"."app_label", "django_content_type"."model" FROM "django_content_type" WHERE "django_content_type"."id" = 5; args=(5,)
[2016-05-27 08:32:46] DEBUG [django.template:927] Exception while resolving variable 'can_delete_related' in template 'admin/related_widget_wrapper.html'.
Traceback (most recent call last):
  File "D:\practian\ioteca\ve_ioteca\lib\site-packages\django\template\base.py", line 883, in _resolve_lookup
    current = current[bit]
  File "D:\practian\ioteca\ve_ioteca\lib\site-packages\django\template\context.py", line 77, in __getitem__
    raise KeyError(key)
KeyError: 'can_delete_related'

During handling of the above exception, another exception occurred:

Traceback (most recent call last):
  File "D:\practian\ioteca\ve_ioteca\lib\site-packages\django\template\base.py", line 889, in _resolve_lookup
    if isinstance(current, BaseContext) and getattr(type(current), bit):
AttributeError: type object 'Context' has no attribute 'can_delete_related'

During handling of the above exception, another exception occurred:

Traceback (most recent call last):
  File "D:\practian\ioteca\ve_ioteca\lib\site-packages\django\template\base.py", line 898, in _resolve_lookup
    current = current[int(bit)]
ValueError: invalid literal for int() with base 10: 'can_delete_related'

During handling of the above exception, another exception occurred:

Traceback (most recent call last):
  File "D:\practian\ioteca\ve_ioteca\lib\site-packages\django\template\base.py", line 905, in _resolve_lookup
    (bit, current))  # missing attribute
django.template.base.VariableDoesNotExist: Failed lookup for key [can_delete_related] in '[{\'False\': False, \'True\': True, \'None\': None}, {\'change_related_template_url\': \'/admin/auth/permission/__fk__/change/\', \'add_related_url\': \'/admin/auth/permission/add/\', \'name\': \'permission\', \'url_params\': \'_to_field=id&_popup=1\', \'widget\': \'<select id="id_permission" name="permission">\\n<option value="" selected="selected">---------</option>\\n<option value="1">admin | log entry | Can add log entry</option>\\n<option value="2">admin | log entry | Can change log entry</option>\\n<option value="3">admin | log entry | Can delete log entry</option>\\n<option value="7">auth | group | Can add group</option>\\n<option value="8">auth | group | Can change group</option>\\n<option value="9">auth | group | Can delete group</option>\\n<option value="4">auth | permission | Can add permission</option>\\n<option value="5">auth | permission | Can change permission</option>\\n<option value="6">auth | permission | Can delete permission</option>\\n<option value="29">auths | hierarchy | Can add hierarchy</option>\\n<option value="30">auths | hierarchy | Can change hierarchy</option>\\n<option value="31">auths | hierarchy | Can delete hierarchy</option>\\n<option value="33">auths | hierarchy | Can get hierarchy</option>\\n<option value="32">auths | hierarchy | Can list hierarchy</option>\\n<option value="24">auths | hierarchy type | Can add hierarchy type</option>\\n<option value="25">auths | hierarchy type | Can change hierarchy type</option>\\n<option value="26">auths | hierarchy type | Can delete hierarchy type</option>\\n<option value="28">auths | hierarchy type | Can get hierarchytype</option>\\n<option value="27">auths | hierarchy type | Can list hierarchytype</option>\\n<option value="34">auths | menu | Can add menu</option>\\n<option value="35">auths | menu | Can change menu</option>\\n<option value="36">auths | menu | Can delete menu</option>\\n<option value="38">auths | menu | Can get menu</option>\\n<option value="37">auths | menu | Can list menu</option>\\n<option value="16">auths | Person | Can add Person</option>\\n<option value="17">auths | Person | Can change Person</option>\\n<option value="18">auths | Person | Can delete Person</option>\\n<option value="19">auths | User | Can add User</option>\\n<option value="20">auths | User | Can change User</option>\\n<option value="21">auths | User | Can delete User</option>\\n<option value="23">auths | User | Can get user</option>\\n<option value="22">auths | User | Can list user</option>\\n<option value="39">auths | user hierarchy group | Can add user hierarchy group</option>\\n<option value="40">auths | user hierarchy group | Can change user hierarchy group</option>\\n<option value="41">auths | user hierarchy group | Can delete user hierarchy group</option>\\n<option value="42">auths | user hierarchy permission | Can add user hierarchy permission</option>\\n<option value="43">auths | user hierarchy permission | Can change user hierarchy permission</option>\\n<option value="44">auths | user hierarchy permission | Can delete user hierarchy permission</option>\\n<option value="10">contenttypes | content type | Can add content type</option>\\n<option value="11">contenttypes | content type | Can change content type</option>\\n<option value="12">contenttypes | content type | Can delete content type</option>\\n<option value="45">corsheaders | cors model | Can add cors model</option>\\n<option value="46">corsheaders | cors model | Can change cors model</option>\\n<option value="47">corsheaders | cors model | Can delete cors model</option>\\n<option value="54">oauth2_provider | access token | Can add access token</option>\\n<option value="55">oauth2_provider | access token | Can change access token</option>\\n<option value="56">oauth2_provider | access token | Can delete access token</option>\\n<option value="48">oauth2_provider | application | Can add application</option>\\n<option value="49">oauth2_provider | application | Can change application</option>\\n<option value="50">oauth2_provider | application | Can delete application</option>\\n<option value="51">oauth2_provider | grant | Can add grant</option>\\n<option value="52">oauth2_provider | grant | Can change grant</option>\\n<option value="53">oauth2_provider | grant | Can delete grant</option>\\n<option value="57">oauth2_provider | refresh token | Can add refresh token</option>\\n<option value="58">oauth2_provider | refresh token | Can change refresh token</option>\\n<option value="59">oauth2_provider | refresh token | Can delete refresh token</option>\\n<option value="13">sessions | session | Can add session</option>\\n<option value="14">sessions | session | Can change session</option>\\n<option value="15">sessions | session | Can delete session</option>\\n</select>\', \'can_change_related\': True, \'model\': <django.utils.functional.lazy.<locals>.__proxy__ object at 0x035C0C70>, \'can_add_related\': True}, {\'block\': <Block Node: links. Contents: [<TextNode: \'\\n        \'>, <IfNode>, <TextNode: \'\\n        \'>, <IfNode>, <TextNode: \'\\n        \'>, <IfNode>, <TextNode: \'\\n    \'>]>}]'
[2016-05-27 08:32:46] DEBUG [django.db.backends:89] (0.001) SELECT "auths_menu"."id", "auths_menu"."module", "auths_menu"."state", "auths_menu"."title", "auths_menu"."url", "auths_menu"."template_url", "auths_menu"."pos", "auths_menu"."icon", "auths_menu"."is_active", "auths_menu"."is_abstract", "auths_menu"."description", "auths_menu"."permission_id", "auths_menu"."parent_id", "auths_menu"."created_at", "auths_menu"."updated_at", "auths_menu"."registered_by" FROM "auths_menu"; args=()
[2016-05-27 08:32:46] DEBUG [django.template:927] Exception while resolving variable 'can_delete_related' in template 'admin/related_widget_wrapper.html'.
Traceback (most recent call last):
  File "D:\practian\ioteca\ve_ioteca\lib\site-packages\django\template\base.py", line 883, in _resolve_lookup
    current = current[bit]
  File "D:\practian\ioteca\ve_ioteca\lib\site-packages\django\template\context.py", line 77, in __getitem__
    raise KeyError(key)
KeyError: 'can_delete_related'

During handling of the above exception, another exception occurred:

Traceback (most recent call last):
  File "D:\practian\ioteca\ve_ioteca\lib\site-packages\django\template\base.py", line 889, in _resolve_lookup
    if isinstance(current, BaseContext) and getattr(type(current), bit):
AttributeError: type object 'Context' has no attribute 'can_delete_related'

During handling of the above exception, another exception occurred:

Traceback (most recent call last):
  File "D:\practian\ioteca\ve_ioteca\lib\site-packages\django\template\base.py", line 898, in _resolve_lookup
    current = current[int(bit)]
ValueError: invalid literal for int() with base 10: 'can_delete_related'

During handling of the above exception, another exception occurred:

Traceback (most recent call last):
  File "D:\practian\ioteca\ve_ioteca\lib\site-packages\django\template\base.py", line 905, in _resolve_lookup
    (bit, current))  # missing attribute
django.template.base.VariableDoesNotExist: Failed lookup for key [can_delete_related] in '[{\'False\': False, \'True\': True, \'None\': None}, {\'change_related_template_url\': \'/admin/auths/menu/__fk__/change/\', \'add_related_url\': \'/admin/auths/menu/add/\', \'name\': \'parent\', \'url_params\': \'_to_field=id&_popup=1\', \'widget\': \'<select id="id_parent" name="parent">\\n<option value="" selected="selected">---------</option>\\n</select>\', \'can_change_related\': True, \'model\': <django.utils.functional.lazy.<locals>.__proxy__ object at 0x03669470>, \'can_add_related\': True}, {\'block\': <Block Node: links. Contents: [<TextNode: \'\\n        \'>, <IfNode>, <TextNode: \'\\n        \'>, <IfNode>, <TextNode: \'\\n        \'>, <IfNode>, <TextNode: \'\\n    \'>]>}]'
[2016-05-27 08:32:50] DEBUG [django.db.backends:89] (0.006) SELECT "django_session"."session_key", "django_session"."session_data", "django_session"."expire_date" FROM "django_session" WHERE ("django_session"."session_key" = 'y0waz4m5mxknd1mhb3b80bv5hzkdp5tx' AND "django_session"."expire_date" > '2016-05-27 13:32:50.003698'); args=('y0waz4m5mxknd1mhb3b80bv5hzkdp5tx', '2016-05-27 13:32:50.003698')
[2016-05-27 08:32:50] DEBUG [django.db.backends:89] (0.000) SELECT "auths_user"."password", "auths_user"."last_login", "auths_user"."is_superuser", "auths_user"."username", "auths_user"."first_name", "auths_user"."last_name", "auths_user"."email", "auths_user"."is_staff", "auths_user"."is_active", "auths_user"."date_joined", "auths_user"."id", "auths_user"."last_hierarchy_id", "auths_user"."last_module_id", "auths_user"."person_id", "auths_user"."updated_at", "auths_user"."registered_by" FROM "auths_user" WHERE "auths_user"."id" = '4c7e4779b6bd47198afbd9e574b13d0a'; args=('4c7e4779b6bd47198afbd9e574b13d0a',)
[2016-05-27 08:32:51] DEBUG [django.db.backends:89] (0.002) SELECT "django_session"."session_key", "django_session"."session_data", "django_session"."expire_date" FROM "django_session" WHERE ("django_session"."session_key" = 'y0waz4m5mxknd1mhb3b80bv5hzkdp5tx' AND "django_session"."expire_date" > '2016-05-27 13:32:51.792801'); args=('y0waz4m5mxknd1mhb3b80bv5hzkdp5tx', '2016-05-27 13:32:51.792801')
[2016-05-27 08:32:51] DEBUG [django.db.backends:89] (0.001) SELECT "auths_user"."password", "auths_user"."last_login", "auths_user"."is_superuser", "auths_user"."username", "auths_user"."first_name", "auths_user"."last_name", "auths_user"."email", "auths_user"."is_staff", "auths_user"."is_active", "auths_user"."date_joined", "auths_user"."id", "auths_user"."last_hierarchy_id", "auths_user"."last_module_id", "auths_user"."person_id", "auths_user"."updated_at", "auths_user"."registered_by" FROM "auths_user" WHERE "auths_user"."id" = '4c7e4779b6bd47198afbd9e574b13d0a'; args=('4c7e4779b6bd47198afbd9e574b13d0a',)
[2016-05-27 10:14:51] DEBUG [django.db.backends:89] (0.001) SELECT "oauth2_provider_application"."id", "oauth2_provider_application"."client_id", "oauth2_provider_application"."user_id", "oauth2_provider_application"."redirect_uris", "oauth2_provider_application"."client_type", "oauth2_provider_application"."authorization_grant_type", "oauth2_provider_application"."client_secret", "oauth2_provider_application"."name", "oauth2_provider_application"."skip_authorization" FROM "oauth2_provider_application" WHERE "oauth2_provider_application"."client_id" = 'I2oDvNlk4BxRuUzibhPdDrT6FwFFs20ZXfzB3kpC'; args=('I2oDvNlk4BxRuUzibhPdDrT6FwFFs20ZXfzB3kpC',)
[2016-05-27 10:14:51] DEBUG [django.db.backends:89] (0.001) SELECT "auths_user"."password", "auths_user"."last_login", "auths_user"."is_superuser", "auths_user"."username", "auths_user"."first_name", "auths_user"."last_name", "auths_user"."email", "auths_user"."is_staff", "auths_user"."is_active", "auths_user"."date_joined", "auths_user"."id", "auths_user"."last_hierarchy_id", "auths_user"."last_module_id", "auths_user"."person_id", "auths_user"."updated_at", "auths_user"."registered_by" FROM "auths_user" WHERE "auths_user"."username" = 'admin'; args=('admin',)
[2016-05-27 10:14:51] DEBUG [django.db.backends:89] (0.000) BEGIN; args=None
[2016-05-27 10:14:51] DEBUG [django.db.backends:89] (0.001) INSERT INTO "oauth2_provider_accesstoken" ("user_id", "token", "application_id", "expires", "scope") VALUES ('4c7e4779b6bd47198afbd9e574b13d0a', 'UY1YI01kzcIKO9TcetduP343nVYZGk', 1, '2016-05-28 01:14:51.270675', 'read write'); args=['4c7e4779b6bd47198afbd9e574b13d0a', 'UY1YI01kzcIKO9TcetduP343nVYZGk', 1, '2016-05-28 01:14:51.270675', 'read write']
[2016-05-27 10:14:51] DEBUG [django.db.backends:89] (0.000) BEGIN; args=None
[2016-05-27 10:14:51] DEBUG [django.db.backends:89] (0.001) INSERT INTO "oauth2_provider_refreshtoken" ("user_id", "token", "application_id", "access_token_id") VALUES ('4c7e4779b6bd47198afbd9e574b13d0a', 'IStT6L55X8e2OcVDyOxbKJCpnzg39f', 1, 7); args=['4c7e4779b6bd47198afbd9e574b13d0a', 'IStT6L55X8e2OcVDyOxbKJCpnzg39f', 1, 7]
[2016-05-27 10:15:00] DEBUG [django.db.backends:89] (0.004) SELECT "oauth2_provider_accesstoken"."id", "oauth2_provider_accesstoken"."user_id", "oauth2_provider_accesstoken"."token", "oauth2_provider_accesstoken"."application_id", "oauth2_provider_accesstoken"."expires", "oauth2_provider_accesstoken"."scope", "auths_user"."password", "auths_user"."last_login", "auths_user"."is_superuser", "auths_user"."username", "auths_user"."first_name", "auths_user"."last_name", "auths_user"."email", "auths_user"."is_staff", "auths_user"."is_active", "auths_user"."date_joined", "auths_user"."id", "auths_user"."last_hierarchy_id", "auths_user"."last_module_id", "auths_user"."person_id", "auths_user"."updated_at", "auths_user"."registered_by", "oauth2_provider_application"."id", "oauth2_provider_application"."client_id", "oauth2_provider_application"."user_id", "oauth2_provider_application"."redirect_uris", "oauth2_provider_application"."client_type", "oauth2_provider_application"."authorization_grant_type", "oauth2_provider_application"."client_secret", "oauth2_provider_application"."name", "oauth2_provider_application"."skip_authorization" FROM "oauth2_provider_accesstoken" LEFT OUTER JOIN "auths_user" ON ("oauth2_provider_accesstoken"."user_id" = "auths_user"."id") INNER JOIN "oauth2_provider_application" ON ("oauth2_provider_accesstoken"."application_id" = "oauth2_provider_application"."id") WHERE "oauth2_provider_accesstoken"."token" = 'UY1YI01kzcIKO9TcetduP343nVYZGk'; args=('UY1YI01kzcIKO9TcetduP343nVYZGk',)
[2016-05-27 10:15:00] DEBUG [django.db.backends:89] (0.002) SELECT "oauth2_provider_accesstoken"."id", "oauth2_provider_accesstoken"."user_id", "oauth2_provider_accesstoken"."token", "oauth2_provider_accesstoken"."application_id", "oauth2_provider_accesstoken"."expires", "oauth2_provider_accesstoken"."scope", "auths_user"."password", "auths_user"."last_login", "auths_user"."is_superuser", "auths_user"."username", "auths_user"."first_name", "auths_user"."last_name", "auths_user"."email", "auths_user"."is_staff", "auths_user"."is_active", "auths_user"."date_joined", "auths_user"."id", "auths_user"."last_hierarchy_id", "auths_user"."last_module_id", "auths_user"."person_id", "auths_user"."updated_at", "auths_user"."registered_by", "oauth2_provider_application"."id", "oauth2_provider_application"."client_id", "oauth2_provider_application"."user_id", "oauth2_provider_application"."redirect_uris", "oauth2_provider_application"."client_type", "oauth2_provider_application"."authorization_grant_type", "oauth2_provider_application"."client_secret", "oauth2_provider_application"."name", "oauth2_provider_application"."skip_authorization" FROM "oauth2_provider_accesstoken" LEFT OUTER JOIN "auths_user" ON ("oauth2_provider_accesstoken"."user_id" = "auths_user"."id") INNER JOIN "oauth2_provider_application" ON ("oauth2_provider_accesstoken"."application_id" = "oauth2_provider_application"."id") WHERE "oauth2_provider_accesstoken"."token" = 'UY1YI01kzcIKO9TcetduP343nVYZGk'; args=('UY1YI01kzcIKO9TcetduP343nVYZGk',)
[2016-05-27 10:15:00] DEBUG [django.db.backends:89] (0.000) SELECT "auths_menu"."id" FROM "auths_menu" WHERE ("auths_menu"."id" IS NOT NULL AND "auths_menu"."module" = 'BACKEND' AND "auths_menu"."is_active" = 1) ORDER BY "auths_menu"."pos" ASC; args=('BACKEND', True)
[2016-05-27 10:15:00] DEBUG [django.db.backends:89] (0.000) SELECT "auth_group"."id", "auth_group"."name" FROM "auth_group" INNER JOIN "auths_user_groups" ON ("auth_group"."id" = "auths_user_groups"."group_id") WHERE "auths_user_groups"."user_id" = '4c7e4779b6bd47198afbd9e574b13d0a'; args=('4c7e4779b6bd47198afbd9e574b13d0a',)
[2016-05-27 10:15:00] DEBUG [django.db.backends:89] (0.000) SELECT "auth_permission"."id", "auth_permission"."name", "auth_permission"."content_type_id", "auth_permission"."codename" FROM "auth_permission" INNER JOIN "auths_user_user_permissions" ON ("auth_permission"."id" = "auths_user_user_permissions"."permission_id") INNER JOIN "django_content_type" ON ("auth_permission"."content_type_id" = "django_content_type"."id") WHERE "auths_user_user_permissions"."user_id" = '4c7e4779b6bd47198afbd9e574b13d0a' ORDER BY "django_content_type"."app_label" ASC, "django_content_type"."model" ASC, "auth_permission"."codename" ASC; args=('4c7e4779b6bd47198afbd9e574b13d0a',)
[2016-05-27 10:49:46] DEBUG [django.db.backends:89] (0.003) SELECT "oauth2_provider_accesstoken"."id", "oauth2_provider_accesstoken"."user_id", "oauth2_provider_accesstoken"."token", "oauth2_provider_accesstoken"."application_id", "oauth2_provider_accesstoken"."expires", "oauth2_provider_accesstoken"."scope", "auths_user"."password", "auths_user"."last_login", "auths_user"."is_superuser", "auths_user"."username", "auths_user"."first_name", "auths_user"."last_name", "auths_user"."email", "auths_user"."is_staff", "auths_user"."is_active", "auths_user"."date_joined", "auths_user"."id", "auths_user"."last_hierarchy_id", "auths_user"."last_module_id", "auths_user"."person_id", "auths_user"."updated_at", "auths_user"."registered_by", "oauth2_provider_application"."id", "oauth2_provider_application"."client_id", "oauth2_provider_application"."user_id", "oauth2_provider_application"."redirect_uris", "oauth2_provider_application"."client_type", "oauth2_provider_application"."authorization_grant_type", "oauth2_provider_application"."client_secret", "oauth2_provider_application"."name", "oauth2_provider_application"."skip_authorization" FROM "oauth2_provider_accesstoken" LEFT OUTER JOIN "auths_user" ON ("oauth2_provider_accesstoken"."user_id" = "auths_user"."id") INNER JOIN "oauth2_provider_application" ON ("oauth2_provider_accesstoken"."application_id" = "oauth2_provider_application"."id") WHERE "oauth2_provider_accesstoken"."token" = 'UY1YI01kzcIKO9TcetduP343nVYZGk'; args=('UY1YI01kzcIKO9TcetduP343nVYZGk',)
[2016-05-27 10:49:46] DEBUG [django.db.backends:89] (0.003) SELECT "oauth2_provider_accesstoken"."id", "oauth2_provider_accesstoken"."user_id", "oauth2_provider_accesstoken"."token", "oauth2_provider_accesstoken"."application_id", "oauth2_provider_accesstoken"."expires", "oauth2_provider_accesstoken"."scope", "auths_user"."password", "auths_user"."last_login", "auths_user"."is_superuser", "auths_user"."username", "auths_user"."first_name", "auths_user"."last_name", "auths_user"."email", "auths_user"."is_staff", "auths_user"."is_active", "auths_user"."date_joined", "auths_user"."id", "auths_user"."last_hierarchy_id", "auths_user"."last_module_id", "auths_user"."person_id", "auths_user"."updated_at", "auths_user"."registered_by", "oauth2_provider_application"."id", "oauth2_provider_application"."client_id", "oauth2_provider_application"."user_id", "oauth2_provider_application"."redirect_uris", "oauth2_provider_application"."client_type", "oauth2_provider_application"."authorization_grant_type", "oauth2_provider_application"."client_secret", "oauth2_provider_application"."name", "oauth2_provider_application"."skip_authorization" FROM "oauth2_provider_accesstoken" LEFT OUTER JOIN "auths_user" ON ("oauth2_provider_accesstoken"."user_id" = "auths_user"."id") INNER JOIN "oauth2_provider_application" ON ("oauth2_provider_accesstoken"."application_id" = "oauth2_provider_application"."id") WHERE "oauth2_provider_accesstoken"."token" = 'UY1YI01kzcIKO9TcetduP343nVYZGk'; args=('UY1YI01kzcIKO9TcetduP343nVYZGk',)
[2016-05-27 10:49:46] DEBUG [django.db.backends:89] (0.002) SELECT "auths_menu"."id" FROM "auths_menu" WHERE ("auths_menu"."id" IS NOT NULL AND "auths_menu"."module" = 'BACKEND' AND "auths_menu"."is_active" = 1) ORDER BY "auths_menu"."pos" ASC; args=('BACKEND', True)
[2016-05-27 10:49:46] DEBUG [django.db.backends:89] (0.001) SELECT "auth_group"."id", "auth_group"."name" FROM "auth_group" INNER JOIN "auths_user_groups" ON ("auth_group"."id" = "auths_user_groups"."group_id") WHERE "auths_user_groups"."user_id" = '4c7e4779b6bd47198afbd9e574b13d0a'; args=('4c7e4779b6bd47198afbd9e574b13d0a',)
[2016-05-27 10:49:46] DEBUG [django.db.backends:89] (0.001) SELECT "auth_permission"."id", "auth_permission"."name", "auth_permission"."content_type_id", "auth_permission"."codename" FROM "auth_permission" INNER JOIN "auths_user_user_permissions" ON ("auth_permission"."id" = "auths_user_user_permissions"."permission_id") INNER JOIN "django_content_type" ON ("auth_permission"."content_type_id" = "django_content_type"."id") WHERE "auths_user_user_permissions"."user_id" = '4c7e4779b6bd47198afbd9e574b13d0a' ORDER BY "django_content_type"."app_label" ASC, "django_content_type"."model" ASC, "auth_permission"."codename" ASC; args=('4c7e4779b6bd47198afbd9e574b13d0a',)
[2016-05-27 10:49:54] DEBUG [django.db.backends:89] (0.002) SELECT "oauth2_provider_accesstoken"."id", "oauth2_provider_accesstoken"."user_id", "oauth2_provider_accesstoken"."token", "oauth2_provider_accesstoken"."application_id", "oauth2_provider_accesstoken"."expires", "oauth2_provider_accesstoken"."scope", "auths_user"."password", "auths_user"."last_login", "auths_user"."is_superuser", "auths_user"."username", "auths_user"."first_name", "auths_user"."last_name", "auths_user"."email", "auths_user"."is_staff", "auths_user"."is_active", "auths_user"."date_joined", "auths_user"."id", "auths_user"."last_hierarchy_id", "auths_user"."last_module_id", "auths_user"."person_id", "auths_user"."updated_at", "auths_user"."registered_by", "oauth2_provider_application"."id", "oauth2_provider_application"."client_id", "oauth2_provider_application"."user_id", "oauth2_provider_application"."redirect_uris", "oauth2_provider_application"."client_type", "oauth2_provider_application"."authorization_grant_type", "oauth2_provider_application"."client_secret", "oauth2_provider_application"."name", "oauth2_provider_application"."skip_authorization" FROM "oauth2_provider_accesstoken" LEFT OUTER JOIN "auths_user" ON ("oauth2_provider_accesstoken"."user_id" = "auths_user"."id") INNER JOIN "oauth2_provider_application" ON ("oauth2_provider_accesstoken"."application_id" = "oauth2_provider_application"."id") WHERE "oauth2_provider_accesstoken"."token" = 'UY1YI01kzcIKO9TcetduP343nVYZGk'; args=('UY1YI01kzcIKO9TcetduP343nVYZGk',)
[2016-05-27 10:49:54] DEBUG [django.db.backends:89] (0.000) SELECT COUNT(*) AS "__count" FROM "auths_menu" WHERE ("auths_menu"."parent_id" IS NULL AND "auths_menu"."parent_id" IS NULL); args=()
[2016-05-27 10:51:52] DEBUG [django.db.backends:89] (0.005) SELECT "oauth2_provider_accesstoken"."id", "oauth2_provider_accesstoken"."user_id", "oauth2_provider_accesstoken"."token", "oauth2_provider_accesstoken"."application_id", "oauth2_provider_accesstoken"."expires", "oauth2_provider_accesstoken"."scope", "auths_user"."password", "auths_user"."last_login", "auths_user"."is_superuser", "auths_user"."username", "auths_user"."first_name", "auths_user"."last_name", "auths_user"."email", "auths_user"."is_staff", "auths_user"."is_active", "auths_user"."date_joined", "auths_user"."id", "auths_user"."last_hierarchy_id", "auths_user"."last_module_id", "auths_user"."person_id", "auths_user"."updated_at", "auths_user"."registered_by", "oauth2_provider_application"."id", "oauth2_provider_application"."client_id", "oauth2_provider_application"."user_id", "oauth2_provider_application"."redirect_uris", "oauth2_provider_application"."client_type", "oauth2_provider_application"."authorization_grant_type", "oauth2_provider_application"."client_secret", "oauth2_provider_application"."name", "oauth2_provider_application"."skip_authorization" FROM "oauth2_provider_accesstoken" LEFT OUTER JOIN "auths_user" ON ("oauth2_provider_accesstoken"."user_id" = "auths_user"."id") INNER JOIN "oauth2_provider_application" ON ("oauth2_provider_accesstoken"."application_id" = "oauth2_provider_application"."id") WHERE "oauth2_provider_accesstoken"."token" = 'UY1YI01kzcIKO9TcetduP343nVYZGk'; args=('UY1YI01kzcIKO9TcetduP343nVYZGk',)
[2016-05-27 10:51:52] DEBUG [django.db.backends:89] (0.003) SELECT "oauth2_provider_accesstoken"."id", "oauth2_provider_accesstoken"."user_id", "oauth2_provider_accesstoken"."token", "oauth2_provider_accesstoken"."application_id", "oauth2_provider_accesstoken"."expires", "oauth2_provider_accesstoken"."scope", "auths_user"."password", "auths_user"."last_login", "auths_user"."is_superuser", "auths_user"."username", "auths_user"."first_name", "auths_user"."last_name", "auths_user"."email", "auths_user"."is_staff", "auths_user"."is_active", "auths_user"."date_joined", "auths_user"."id", "auths_user"."last_hierarchy_id", "auths_user"."last_module_id", "auths_user"."person_id", "auths_user"."updated_at", "auths_user"."registered_by", "oauth2_provider_application"."id", "oauth2_provider_application"."client_id", "oauth2_provider_application"."user_id", "oauth2_provider_application"."redirect_uris", "oauth2_provider_application"."client_type", "oauth2_provider_application"."authorization_grant_type", "oauth2_provider_application"."client_secret", "oauth2_provider_application"."name", "oauth2_provider_application"."skip_authorization" FROM "oauth2_provider_accesstoken" LEFT OUTER JOIN "auths_user" ON ("oauth2_provider_accesstoken"."user_id" = "auths_user"."id") INNER JOIN "oauth2_provider_application" ON ("oauth2_provider_accesstoken"."application_id" = "oauth2_provider_application"."id") WHERE "oauth2_provider_accesstoken"."token" = 'UY1YI01kzcIKO9TcetduP343nVYZGk'; args=('UY1YI01kzcIKO9TcetduP343nVYZGk',)
[2016-05-27 10:51:52] DEBUG [django.db.backends:89] (0.001) SELECT "auths_menu"."id" FROM "auths_menu" WHERE ("auths_menu"."id" IS NOT NULL AND "auths_menu"."module" = 'BACKEND' AND "auths_menu"."is_active" = 1) ORDER BY "auths_menu"."pos" ASC; args=('BACKEND', True)
[2016-05-27 10:51:52] DEBUG [django.db.backends:89] (0.010) SELECT "auth_group"."id", "auth_group"."name" FROM "auth_group" INNER JOIN "auths_user_groups" ON ("auth_group"."id" = "auths_user_groups"."group_id") WHERE "auths_user_groups"."user_id" = '4c7e4779b6bd47198afbd9e574b13d0a'; args=('4c7e4779b6bd47198afbd9e574b13d0a',)
[2016-05-27 10:51:52] DEBUG [django.db.backends:89] (0.001) SELECT "auth_permission"."id", "auth_permission"."name", "auth_permission"."content_type_id", "auth_permission"."codename" FROM "auth_permission" INNER JOIN "auths_user_user_permissions" ON ("auth_permission"."id" = "auths_user_user_permissions"."permission_id") INNER JOIN "django_content_type" ON ("auth_permission"."content_type_id" = "django_content_type"."id") WHERE "auths_user_user_permissions"."user_id" = '4c7e4779b6bd47198afbd9e574b13d0a' ORDER BY "django_content_type"."app_label" ASC, "django_content_type"."model" ASC, "auth_permission"."codename" ASC; args=('4c7e4779b6bd47198afbd9e574b13d0a',)
[2016-05-27 10:51:58] DEBUG [django.db.backends:89] (0.008) SELECT "oauth2_provider_accesstoken"."id", "oauth2_provider_accesstoken"."user_id", "oauth2_provider_accesstoken"."token", "oauth2_provider_accesstoken"."application_id", "oauth2_provider_accesstoken"."expires", "oauth2_provider_accesstoken"."scope", "auths_user"."password", "auths_user"."last_login", "auths_user"."is_superuser", "auths_user"."username", "auths_user"."first_name", "auths_user"."last_name", "auths_user"."email", "auths_user"."is_staff", "auths_user"."is_active", "auths_user"."date_joined", "auths_user"."id", "auths_user"."last_hierarchy_id", "auths_user"."last_module_id", "auths_user"."person_id", "auths_user"."updated_at", "auths_user"."registered_by", "oauth2_provider_application"."id", "oauth2_provider_application"."client_id", "oauth2_provider_application"."user_id", "oauth2_provider_application"."redirect_uris", "oauth2_provider_application"."client_type", "oauth2_provider_application"."authorization_grant_type", "oauth2_provider_application"."client_secret", "oauth2_provider_application"."name", "oauth2_provider_application"."skip_authorization" FROM "oauth2_provider_accesstoken" LEFT OUTER JOIN "auths_user" ON ("oauth2_provider_accesstoken"."user_id" = "auths_user"."id") INNER JOIN "oauth2_provider_application" ON ("oauth2_provider_accesstoken"."application_id" = "oauth2_provider_application"."id") WHERE "oauth2_provider_accesstoken"."token" = 'UY1YI01kzcIKO9TcetduP343nVYZGk'; args=('UY1YI01kzcIKO9TcetduP343nVYZGk',)
[2016-05-27 10:51:58] DEBUG [django.db.backends:89] (0.003) SELECT "oauth2_provider_accesstoken"."id", "oauth2_provider_accesstoken"."user_id", "oauth2_provider_accesstoken"."token", "oauth2_provider_accesstoken"."application_id", "oauth2_provider_accesstoken"."expires", "oauth2_provider_accesstoken"."scope", "auths_user"."password", "auths_user"."last_login", "auths_user"."is_superuser", "auths_user"."username", "auths_user"."first_name", "auths_user"."last_name", "auths_user"."email", "auths_user"."is_staff", "auths_user"."is_active", "auths_user"."date_joined", "auths_user"."id", "auths_user"."last_hierarchy_id", "auths_user"."last_module_id", "auths_user"."person_id", "auths_user"."updated_at", "auths_user"."registered_by", "oauth2_provider_application"."id", "oauth2_provider_application"."client_id", "oauth2_provider_application"."user_id", "oauth2_provider_application"."redirect_uris", "oauth2_provider_application"."client_type", "oauth2_provider_application"."authorization_grant_type", "oauth2_provider_application"."client_secret", "oauth2_provider_application"."name", "oauth2_provider_application"."skip_authorization" FROM "oauth2_provider_accesstoken" LEFT OUTER JOIN "auths_user" ON ("oauth2_provider_accesstoken"."user_id" = "auths_user"."id") INNER JOIN "oauth2_provider_application" ON ("oauth2_provider_accesstoken"."application_id" = "oauth2_provider_application"."id") WHERE "oauth2_provider_accesstoken"."token" = 'UY1YI01kzcIKO9TcetduP343nVYZGk'; args=('UY1YI01kzcIKO9TcetduP343nVYZGk',)
[2016-05-27 10:51:58] DEBUG [django.db.backends:89] (0.000) SELECT "auth_group"."id", "auth_group"."name" FROM "auth_group" INNER JOIN "auths_user_groups" ON ("auth_group"."id" = "auths_user_groups"."group_id") WHERE "auths_user_groups"."user_id" = '4c7e4779b6bd47198afbd9e574b13d0a'; args=('4c7e4779b6bd47198afbd9e574b13d0a',)
[2016-05-27 10:51:58] DEBUG [django.db.backends:89] (0.000) SELECT "auth_permission"."id", "auth_permission"."name", "auth_permission"."content_type_id", "auth_permission"."codename" FROM "auth_permission" INNER JOIN "auths_user_user_permissions" ON ("auth_permission"."id" = "auths_user_user_permissions"."permission_id") INNER JOIN "django_content_type" ON ("auth_permission"."content_type_id" = "django_content_type"."id") WHERE "auths_user_user_permissions"."user_id" = '4c7e4779b6bd47198afbd9e574b13d0a' ORDER BY "django_content_type"."app_label" ASC, "django_content_type"."model" ASC, "auth_permission"."codename" ASC; args=('4c7e4779b6bd47198afbd9e574b13d0a',)
[2016-05-27 10:51:58] DEBUG [django.db.backends:89] (0.002) SELECT "auths_menu"."id" FROM "auths_menu" WHERE ("auths_menu"."id" IS NOT NULL AND "auths_menu"."module" = 'BACKEND' AND "auths_menu"."is_active" = 1) ORDER BY "auths_menu"."pos" ASC; args=('BACKEND', True)
[2016-05-27 10:52:17] DEBUG [django.db.backends:89] (0.002) SELECT "oauth2_provider_accesstoken"."id", "oauth2_provider_accesstoken"."user_id", "oauth2_provider_accesstoken"."token", "oauth2_provider_accesstoken"."application_id", "oauth2_provider_accesstoken"."expires", "oauth2_provider_accesstoken"."scope", "auths_user"."password", "auths_user"."last_login", "auths_user"."is_superuser", "auths_user"."username", "auths_user"."first_name", "auths_user"."last_name", "auths_user"."email", "auths_user"."is_staff", "auths_user"."is_active", "auths_user"."date_joined", "auths_user"."id", "auths_user"."last_hierarchy_id", "auths_user"."last_module_id", "auths_user"."person_id", "auths_user"."updated_at", "auths_user"."registered_by", "oauth2_provider_application"."id", "oauth2_provider_application"."client_id", "oauth2_provider_application"."user_id", "oauth2_provider_application"."redirect_uris", "oauth2_provider_application"."client_type", "oauth2_provider_application"."authorization_grant_type", "oauth2_provider_application"."client_secret", "oauth2_provider_application"."name", "oauth2_provider_application"."skip_authorization" FROM "oauth2_provider_accesstoken" LEFT OUTER JOIN "auths_user" ON ("oauth2_provider_accesstoken"."user_id" = "auths_user"."id") INNER JOIN "oauth2_provider_application" ON ("oauth2_provider_accesstoken"."application_id" = "oauth2_provider_application"."id") WHERE "oauth2_provider_accesstoken"."token" = 'UY1YI01kzcIKO9TcetduP343nVYZGk'; args=('UY1YI01kzcIKO9TcetduP343nVYZGk',)
[2016-05-27 10:52:17] DEBUG [django.db.backends:89] (0.000) SELECT COUNT(*) AS "__count" FROM "auths_menu" WHERE ("auths_menu"."parent_id" IS NULL AND "auths_menu"."parent_id" IS NULL); args=()
[2016-05-27 10:53:32] DEBUG [django.db.backends:89] (0.003) SELECT "oauth2_provider_accesstoken"."id", "oauth2_provider_accesstoken"."user_id", "oauth2_provider_accesstoken"."token", "oauth2_provider_accesstoken"."application_id", "oauth2_provider_accesstoken"."expires", "oauth2_provider_accesstoken"."scope", "auths_user"."password", "auths_user"."last_login", "auths_user"."is_superuser", "auths_user"."username", "auths_user"."first_name", "auths_user"."last_name", "auths_user"."email", "auths_user"."is_staff", "auths_user"."is_active", "auths_user"."date_joined", "auths_user"."id", "auths_user"."last_hierarchy_id", "auths_user"."last_module_id", "auths_user"."person_id", "auths_user"."updated_at", "auths_user"."registered_by", "oauth2_provider_application"."id", "oauth2_provider_application"."client_id", "oauth2_provider_application"."user_id", "oauth2_provider_application"."redirect_uris", "oauth2_provider_application"."client_type", "oauth2_provider_application"."authorization_grant_type", "oauth2_provider_application"."client_secret", "oauth2_provider_application"."name", "oauth2_provider_application"."skip_authorization" FROM "oauth2_provider_accesstoken" LEFT OUTER JOIN "auths_user" ON ("oauth2_provider_accesstoken"."user_id" = "auths_user"."id") INNER JOIN "oauth2_provider_application" ON ("oauth2_provider_accesstoken"."application_id" = "oauth2_provider_application"."id") WHERE "oauth2_provider_accesstoken"."token" = 'UY1YI01kzcIKO9TcetduP343nVYZGk'; args=('UY1YI01kzcIKO9TcetduP343nVYZGk',)
[2016-05-27 10:53:32] DEBUG [django.db.backends:89] (0.001) SELECT "auths_menu"."id" FROM "auths_menu" WHERE ("auths_menu"."id" IS NOT NULL AND "auths_menu"."module" = 'BACKEND' AND "auths_menu"."is_active" = 1) ORDER BY "auths_menu"."pos" ASC; args=('BACKEND', True)
[2016-05-27 10:53:32] DEBUG [django.db.backends:89] (0.003) SELECT "oauth2_provider_accesstoken"."id", "oauth2_provider_accesstoken"."user_id", "oauth2_provider_accesstoken"."token", "oauth2_provider_accesstoken"."application_id", "oauth2_provider_accesstoken"."expires", "oauth2_provider_accesstoken"."scope", "auths_user"."password", "auths_user"."last_login", "auths_user"."is_superuser", "auths_user"."username", "auths_user"."first_name", "auths_user"."last_name", "auths_user"."email", "auths_user"."is_staff", "auths_user"."is_active", "auths_user"."date_joined", "auths_user"."id", "auths_user"."last_hierarchy_id", "auths_user"."last_module_id", "auths_user"."person_id", "auths_user"."updated_at", "auths_user"."registered_by", "oauth2_provider_application"."id", "oauth2_provider_application"."client_id", "oauth2_provider_application"."user_id", "oauth2_provider_application"."redirect_uris", "oauth2_provider_application"."client_type", "oauth2_provider_application"."authorization_grant_type", "oauth2_provider_application"."client_secret", "oauth2_provider_application"."name", "oauth2_provider_application"."skip_authorization" FROM "oauth2_provider_accesstoken" LEFT OUTER JOIN "auths_user" ON ("oauth2_provider_accesstoken"."user_id" = "auths_user"."id") INNER JOIN "oauth2_provider_application" ON ("oauth2_provider_accesstoken"."application_id" = "oauth2_provider_application"."id") WHERE "oauth2_provider_accesstoken"."token" = 'UY1YI01kzcIKO9TcetduP343nVYZGk'; args=('UY1YI01kzcIKO9TcetduP343nVYZGk',)
[2016-05-27 10:53:32] DEBUG [django.db.backends:89] (0.000) SELECT "auth_group"."id", "auth_group"."name" FROM "auth_group" INNER JOIN "auths_user_groups" ON ("auth_group"."id" = "auths_user_groups"."group_id") WHERE "auths_user_groups"."user_id" = '4c7e4779b6bd47198afbd9e574b13d0a'; args=('4c7e4779b6bd47198afbd9e574b13d0a',)
[2016-05-27 10:53:32] DEBUG [django.db.backends:89] (0.001) SELECT "auth_permission"."id", "auth_permission"."name", "auth_permission"."content_type_id", "auth_permission"."codename" FROM "auth_permission" INNER JOIN "auths_user_user_permissions" ON ("auth_permission"."id" = "auths_user_user_permissions"."permission_id") INNER JOIN "django_content_type" ON ("auth_permission"."content_type_id" = "django_content_type"."id") WHERE "auths_user_user_permissions"."user_id" = '4c7e4779b6bd47198afbd9e574b13d0a' ORDER BY "django_content_type"."app_label" ASC, "django_content_type"."model" ASC, "auth_permission"."codename" ASC; args=('4c7e4779b6bd47198afbd9e574b13d0a',)
[2016-05-27 11:11:06] DEBUG [django.db.backends:89] (0.002) 
            SELECT name, type FROM sqlite_master
            WHERE type in ('table', 'view') AND NOT name='sqlite_sequence'
            ORDER BY name; args=None
[2016-05-27 11:11:06] DEBUG [django.db.backends:89] (0.001) SELECT "django_migrations"."app", "django_migrations"."name" FROM "django_migrations"; args=()
[2016-05-27 11:11:31] DEBUG [django.db.backends:89] (0.002) 
            SELECT name, type FROM sqlite_master
            WHERE type in ('table', 'view') AND NOT name='sqlite_sequence'
            ORDER BY name; args=None
[2016-05-27 11:11:31] DEBUG [django.db.backends:89] (0.001) SELECT "django_migrations"."app", "django_migrations"."name" FROM "django_migrations"; args=()
[2016-05-27 11:11:55] DEBUG [django.db.backends:89] (0.002) 
            SELECT name, type FROM sqlite_master
            WHERE type in ('table', 'view') AND NOT name='sqlite_sequence'
            ORDER BY name; args=None
[2016-05-27 11:11:55] DEBUG [django.db.backends:89] (0.000) SELECT "django_migrations"."app", "django_migrations"."name" FROM "django_migrations"; args=()
[2016-05-27 11:12:00] DEBUG [django.db.backends:89] (0.002) SELECT "oauth2_provider_accesstoken"."id", "oauth2_provider_accesstoken"."user_id", "oauth2_provider_accesstoken"."token", "oauth2_provider_accesstoken"."application_id", "oauth2_provider_accesstoken"."expires", "oauth2_provider_accesstoken"."scope", "auths_user"."password", "auths_user"."last_login", "auths_user"."is_superuser", "auths_user"."username", "auths_user"."first_name", "auths_user"."last_name", "auths_user"."email", "auths_user"."is_staff", "auths_user"."is_active", "auths_user"."date_joined", "auths_user"."id", "auths_user"."last_hierarchy_id", "auths_user"."last_module_id", "auths_user"."person_id", "auths_user"."updated_at", "auths_user"."registered_by", "oauth2_provider_application"."id", "oauth2_provider_application"."client_id", "oauth2_provider_application"."user_id", "oauth2_provider_application"."redirect_uris", "oauth2_provider_application"."client_type", "oauth2_provider_application"."authorization_grant_type", "oauth2_provider_application"."client_secret", "oauth2_provider_application"."name", "oauth2_provider_application"."skip_authorization" FROM "oauth2_provider_accesstoken" LEFT OUTER JOIN "auths_user" ON ("oauth2_provider_accesstoken"."user_id" = "auths_user"."id") INNER JOIN "oauth2_provider_application" ON ("oauth2_provider_accesstoken"."application_id" = "oauth2_provider_application"."id") WHERE "oauth2_provider_accesstoken"."token" = 'UY1YI01kzcIKO9TcetduP343nVYZGk'; args=('UY1YI01kzcIKO9TcetduP343nVYZGk',)
[2016-05-27 11:12:00] DEBUG [django.db.backends:89] (0.000) SELECT COUNT(*) AS "__count" FROM "auths_menu" WHERE ("auths_menu"."parent_id" IS NULL AND "auths_menu"."parent_id" IS NULL); args=()
[2016-05-27 11:12:04] DEBUG [django.db.backends:89] (0.002) SELECT "oauth2_provider_accesstoken"."id", "oauth2_provider_accesstoken"."user_id", "oauth2_provider_accesstoken"."token", "oauth2_provider_accesstoken"."application_id", "oauth2_provider_accesstoken"."expires", "oauth2_provider_accesstoken"."scope", "auths_user"."password", "auths_user"."last_login", "auths_user"."is_superuser", "auths_user"."username", "auths_user"."first_name", "auths_user"."last_name", "auths_user"."email", "auths_user"."is_staff", "auths_user"."is_active", "auths_user"."date_joined", "auths_user"."id", "auths_user"."last_hierarchy_id", "auths_user"."last_module_id", "auths_user"."person_id", "auths_user"."updated_at", "auths_user"."registered_by", "oauth2_provider_application"."id", "oauth2_provider_application"."client_id", "oauth2_provider_application"."user_id", "oauth2_provider_application"."redirect_uris", "oauth2_provider_application"."client_type", "oauth2_provider_application"."authorization_grant_type", "oauth2_provider_application"."client_secret", "oauth2_provider_application"."name", "oauth2_provider_application"."skip_authorization" FROM "oauth2_provider_accesstoken" LEFT OUTER JOIN "auths_user" ON ("oauth2_provider_accesstoken"."user_id" = "auths_user"."id") INNER JOIN "oauth2_provider_application" ON ("oauth2_provider_accesstoken"."application_id" = "oauth2_provider_application"."id") WHERE "oauth2_provider_accesstoken"."token" = 'UY1YI01kzcIKO9TcetduP343nVYZGk'; args=('UY1YI01kzcIKO9TcetduP343nVYZGk',)
[2016-05-27 11:12:04] DEBUG [django.db.backends:89] (0.000) SELECT "auth_group"."id", "auth_group"."name" FROM "auth_group" INNER JOIN "auths_user_groups" ON ("auth_group"."id" = "auths_user_groups"."group_id") WHERE "auths_user_groups"."user_id" = '4c7e4779b6bd47198afbd9e574b13d0a'; args=('4c7e4779b6bd47198afbd9e574b13d0a',)
[2016-05-27 11:12:04] DEBUG [django.db.backends:89] (0.000) SELECT "auth_permission"."id", "auth_permission"."name", "auth_permission"."content_type_id", "auth_permission"."codename" FROM "auth_permission" INNER JOIN "auths_user_user_permissions" ON ("auth_permission"."id" = "auths_user_user_permissions"."permission_id") INNER JOIN "django_content_type" ON ("auth_permission"."content_type_id" = "django_content_type"."id") WHERE "auths_user_user_permissions"."user_id" = '4c7e4779b6bd47198afbd9e574b13d0a' ORDER BY "django_content_type"."app_label" ASC, "django_content_type"."model" ASC, "auth_permission"."codename" ASC; args=('4c7e4779b6bd47198afbd9e574b13d0a',)
[2016-05-27 11:12:04] DEBUG [django.db.backends:89] (0.001) SELECT "oauth2_provider_accesstoken"."id", "oauth2_provider_accesstoken"."user_id", "oauth2_provider_accesstoken"."token", "oauth2_provider_accesstoken"."application_id", "oauth2_provider_accesstoken"."expires", "oauth2_provider_accesstoken"."scope", "auths_user"."password", "auths_user"."last_login", "auths_user"."is_superuser", "auths_user"."username", "auths_user"."first_name", "auths_user"."last_name", "auths_user"."email", "auths_user"."is_staff", "auths_user"."is_active", "auths_user"."date_joined", "auths_user"."id", "auths_user"."last_hierarchy_id", "auths_user"."last_module_id", "auths_user"."person_id", "auths_user"."updated_at", "auths_user"."registered_by", "oauth2_provider_application"."id", "oauth2_provider_application"."client_id", "oauth2_provider_application"."user_id", "oauth2_provider_application"."redirect_uris", "oauth2_provider_application"."client_type", "oauth2_provider_application"."authorization_grant_type", "oauth2_provider_application"."client_secret", "oauth2_provider_application"."name", "oauth2_provider_application"."skip_authorization" FROM "oauth2_provider_accesstoken" LEFT OUTER JOIN "auths_user" ON ("oauth2_provider_accesstoken"."user_id" = "auths_user"."id") INNER JOIN "oauth2_provider_application" ON ("oauth2_provider_accesstoken"."application_id" = "oauth2_provider_application"."id") WHERE "oauth2_provider_accesstoken"."token" = 'UY1YI01kzcIKO9TcetduP343nVYZGk'; args=('UY1YI01kzcIKO9TcetduP343nVYZGk',)
[2016-05-27 11:12:04] DEBUG [django.db.backends:89] (0.001) SELECT "auths_menu"."id" FROM "auths_menu" WHERE ("auths_menu"."id" IS NOT NULL AND "auths_menu"."is_active" = 1 AND "auths_menu"."module" = 'BACKEND') ORDER BY "auths_menu"."pos" ASC; args=(True, 'BACKEND')
[2016-05-27 11:12:06] DEBUG [django.db.backends:89] (0.002) SELECT "oauth2_provider_accesstoken"."id", "oauth2_provider_accesstoken"."user_id", "oauth2_provider_accesstoken"."token", "oauth2_provider_accesstoken"."application_id", "oauth2_provider_accesstoken"."expires", "oauth2_provider_accesstoken"."scope", "auths_user"."password", "auths_user"."last_login", "auths_user"."is_superuser", "auths_user"."username", "auths_user"."first_name", "auths_user"."last_name", "auths_user"."email", "auths_user"."is_staff", "auths_user"."is_active", "auths_user"."date_joined", "auths_user"."id", "auths_user"."last_hierarchy_id", "auths_user"."last_module_id", "auths_user"."person_id", "auths_user"."updated_at", "auths_user"."registered_by", "oauth2_provider_application"."id", "oauth2_provider_application"."client_id", "oauth2_provider_application"."user_id", "oauth2_provider_application"."redirect_uris", "oauth2_provider_application"."client_type", "oauth2_provider_application"."authorization_grant_type", "oauth2_provider_application"."client_secret", "oauth2_provider_application"."name", "oauth2_provider_application"."skip_authorization" FROM "oauth2_provider_accesstoken" LEFT OUTER JOIN "auths_user" ON ("oauth2_provider_accesstoken"."user_id" = "auths_user"."id") INNER JOIN "oauth2_provider_application" ON ("oauth2_provider_accesstoken"."application_id" = "oauth2_provider_application"."id") WHERE "oauth2_provider_accesstoken"."token" = 'UY1YI01kzcIKO9TcetduP343nVYZGk'; args=('UY1YI01kzcIKO9TcetduP343nVYZGk',)
[2016-05-27 11:12:06] DEBUG [django.db.backends:89] (0.000) SELECT COUNT(*) AS "__count" FROM "auths_menu" WHERE ("auths_menu"."parent_id" IS NULL AND "auths_menu"."parent_id" IS NULL); args=()
[2016-05-27 11:12:30] DEBUG [django.db.backends:89] (0.002) 
            SELECT name, type FROM sqlite_master
            WHERE type in ('table', 'view') AND NOT name='sqlite_sequence'
            ORDER BY name; args=None
[2016-05-27 11:12:30] DEBUG [django.db.backends:89] (0.000) SELECT "django_migrations"."app", "django_migrations"."name" FROM "django_migrations"; args=()
[2016-05-27 11:13:52] DEBUG [django.db.backends:89] (0.001) 
            SELECT name, type FROM sqlite_master
            WHERE type in ('table', 'view') AND NOT name='sqlite_sequence'
            ORDER BY name; args=None
[2016-05-27 11:13:52] DEBUG [django.db.backends:89] (0.001) SELECT "django_migrations"."app", "django_migrations"."name" FROM "django_migrations"; args=()
[2016-05-27 12:00:28] DEBUG [django.db.backends:89] (0.000) 
            SELECT name, type FROM sqlite_master
            WHERE type in ('table', 'view') AND NOT name='sqlite_sequence'
            ORDER BY name; args=None
[2016-05-27 12:00:28] DEBUG [django.db.backends:89] (0.000) SELECT "django_migrations"."app", "django_migrations"."name" FROM "django_migrations"; args=()
[2016-05-27 12:03:07] DEBUG [django.db.backends:89] (0.002) SELECT "oauth2_provider_application"."id", "oauth2_provider_application"."client_id", "oauth2_provider_application"."user_id", "oauth2_provider_application"."redirect_uris", "oauth2_provider_application"."client_type", "oauth2_provider_application"."authorization_grant_type", "oauth2_provider_application"."client_secret", "oauth2_provider_application"."name", "oauth2_provider_application"."skip_authorization" FROM "oauth2_provider_application" WHERE "oauth2_provider_application"."client_id" = 'I2oDvNlk4BxRuUzibhPdDrT6FwFFs20ZXfzB3kpC'; args=('I2oDvNlk4BxRuUzibhPdDrT6FwFFs20ZXfzB3kpC',)
[2016-05-27 12:03:07] DEBUG [django.db.backends:89] (0.002) SELECT "auths_user"."password", "auths_user"."last_login", "auths_user"."is_superuser", "auths_user"."username", "auths_user"."first_name", "auths_user"."last_name", "auths_user"."email", "auths_user"."is_staff", "auths_user"."is_active", "auths_user"."date_joined", "auths_user"."id", "auths_user"."last_hierarchy_id", "auths_user"."last_module_id", "auths_user"."person_id", "auths_user"."updated_at", "auths_user"."registered_by" FROM "auths_user" WHERE "auths_user"."username" = 'admin'; args=('admin',)
[2016-05-27 12:03:07] DEBUG [django.db.backends:89] (0.000) BEGIN; args=None
[2016-05-27 12:03:07] DEBUG [django.db.backends:89] (0.001) INSERT INTO "oauth2_provider_accesstoken" ("user_id", "token", "application_id", "expires", "scope") VALUES ('4c7e4779b6bd47198afbd9e574b13d0a', '8LM1dpmloe7kAgSkkpdhh1OVxNXSXa', 1, '2016-05-28 03:03:07.611790', 'read write'); args=['4c7e4779b6bd47198afbd9e574b13d0a', '8LM1dpmloe7kAgSkkpdhh1OVxNXSXa', 1, '2016-05-28 03:03:07.611790', 'read write']
[2016-05-27 12:03:08] DEBUG [django.db.backends:89] (0.000) BEGIN; args=None
[2016-05-27 12:03:08] DEBUG [django.db.backends:89] (0.000) INSERT INTO "oauth2_provider_refreshtoken" ("user_id", "token", "application_id", "access_token_id") VALUES ('4c7e4779b6bd47198afbd9e574b13d0a', 'KfPi7plMvbFUC9AI6K8ElyOoPiFluQ', 1, 8); args=['4c7e4779b6bd47198afbd9e574b13d0a', 'KfPi7plMvbFUC9AI6K8ElyOoPiFluQ', 1, 8]
[2016-05-27 12:03:12] DEBUG [django.db.backends:89] (0.002) SELECT "oauth2_provider_accesstoken"."id", "oauth2_provider_accesstoken"."user_id", "oauth2_provider_accesstoken"."token", "oauth2_provider_accesstoken"."application_id", "oauth2_provider_accesstoken"."expires", "oauth2_provider_accesstoken"."scope", "auths_user"."password", "auths_user"."last_login", "auths_user"."is_superuser", "auths_user"."username", "auths_user"."first_name", "auths_user"."last_name", "auths_user"."email", "auths_user"."is_staff", "auths_user"."is_active", "auths_user"."date_joined", "auths_user"."id", "auths_user"."last_hierarchy_id", "auths_user"."last_module_id", "auths_user"."person_id", "auths_user"."updated_at", "auths_user"."registered_by", "oauth2_provider_application"."id", "oauth2_provider_application"."client_id", "oauth2_provider_application"."user_id", "oauth2_provider_application"."redirect_uris", "oauth2_provider_application"."client_type", "oauth2_provider_application"."authorization_grant_type", "oauth2_provider_application"."client_secret", "oauth2_provider_application"."name", "oauth2_provider_application"."skip_authorization" FROM "oauth2_provider_accesstoken" LEFT OUTER JOIN "auths_user" ON ("oauth2_provider_accesstoken"."user_id" = "auths_user"."id") INNER JOIN "oauth2_provider_application" ON ("oauth2_provider_accesstoken"."application_id" = "oauth2_provider_application"."id") WHERE "oauth2_provider_accesstoken"."token" = '8LM1dpmloe7kAgSkkpdhh1OVxNXSXa'; args=('8LM1dpmloe7kAgSkkpdhh1OVxNXSXa',)
[2016-05-27 12:03:12] DEBUG [django.db.backends:89] (0.000) SELECT "auths_menu"."id" FROM "auths_menu" WHERE ("auths_menu"."id" IS NOT NULL AND "auths_menu"."module" = 'BACKEND' AND "auths_menu"."is_active" = 1) ORDER BY "auths_menu"."pos" ASC; args=('BACKEND', True)
[2016-05-27 12:03:12] DEBUG [django.db.backends:89] (0.002) SELECT "oauth2_provider_accesstoken"."id", "oauth2_provider_accesstoken"."user_id", "oauth2_provider_accesstoken"."token", "oauth2_provider_accesstoken"."application_id", "oauth2_provider_accesstoken"."expires", "oauth2_provider_accesstoken"."scope", "auths_user"."password", "auths_user"."last_login", "auths_user"."is_superuser", "auths_user"."username", "auths_user"."first_name", "auths_user"."last_name", "auths_user"."email", "auths_user"."is_staff", "auths_user"."is_active", "auths_user"."date_joined", "auths_user"."id", "auths_user"."last_hierarchy_id", "auths_user"."last_module_id", "auths_user"."person_id", "auths_user"."updated_at", "auths_user"."registered_by", "oauth2_provider_application"."id", "oauth2_provider_application"."client_id", "oauth2_provider_application"."user_id", "oauth2_provider_application"."redirect_uris", "oauth2_provider_application"."client_type", "oauth2_provider_application"."authorization_grant_type", "oauth2_provider_application"."client_secret", "oauth2_provider_application"."name", "oauth2_provider_application"."skip_authorization" FROM "oauth2_provider_accesstoken" LEFT OUTER JOIN "auths_user" ON ("oauth2_provider_accesstoken"."user_id" = "auths_user"."id") INNER JOIN "oauth2_provider_application" ON ("oauth2_provider_accesstoken"."application_id" = "oauth2_provider_application"."id") WHERE "oauth2_provider_accesstoken"."token" = '8LM1dpmloe7kAgSkkpdhh1OVxNXSXa'; args=('8LM1dpmloe7kAgSkkpdhh1OVxNXSXa',)
[2016-05-27 12:03:12] DEBUG [django.db.backends:89] (0.001) SELECT "auth_group"."id", "auth_group"."name" FROM "auth_group" INNER JOIN "auths_user_groups" ON ("auth_group"."id" = "auths_user_groups"."group_id") WHERE "auths_user_groups"."user_id" = '4c7e4779b6bd47198afbd9e574b13d0a'; args=('4c7e4779b6bd47198afbd9e574b13d0a',)
[2016-05-27 12:03:12] DEBUG [django.db.backends:89] (0.000) SELECT "auth_permission"."id", "auth_permission"."name", "auth_permission"."content_type_id", "auth_permission"."codename" FROM "auth_permission" INNER JOIN "auths_user_user_permissions" ON ("auth_permission"."id" = "auths_user_user_permissions"."permission_id") INNER JOIN "django_content_type" ON ("auth_permission"."content_type_id" = "django_content_type"."id") WHERE "auths_user_user_permissions"."user_id" = '4c7e4779b6bd47198afbd9e574b13d0a' ORDER BY "django_content_type"."app_label" ASC, "django_content_type"."model" ASC, "auth_permission"."codename" ASC; args=('4c7e4779b6bd47198afbd9e574b13d0a',)
[2016-05-27 12:06:16] DEBUG [django.db.backends:89] (0.001) SELECT "django_session"."session_key", "django_session"."session_data", "django_session"."expire_date" FROM "django_session" WHERE ("django_session"."expire_date" > '2016-05-27 17:06:16.174041' AND "django_session"."session_key" = 'y0waz4m5mxknd1mhb3b80bv5hzkdp5tx'); args=('2016-05-27 17:06:16.174041', 'y0waz4m5mxknd1mhb3b80bv5hzkdp5tx')
[2016-05-27 12:06:16] DEBUG [django.db.backends:89] (0.001) SELECT "auths_user"."password", "auths_user"."last_login", "auths_user"."is_superuser", "auths_user"."username", "auths_user"."first_name", "auths_user"."last_name", "auths_user"."email", "auths_user"."is_staff", "auths_user"."is_active", "auths_user"."date_joined", "auths_user"."id", "auths_user"."last_hierarchy_id", "auths_user"."last_module_id", "auths_user"."person_id", "auths_user"."updated_at", "auths_user"."registered_by" FROM "auths_user" WHERE "auths_user"."id" = '4c7e4779b6bd47198afbd9e574b13d0a'; args=('4c7e4779b6bd47198afbd9e574b13d0a',)
[2016-05-27 12:06:16] DEBUG [django.db.backends:89] (0.001) BEGIN; args=None
[2016-05-27 12:06:16] DEBUG [django.db.backends:89] (0.000) SELECT "django_content_type"."id", "django_content_type"."app_label", "django_content_type"."model" FROM "django_content_type" WHERE ("django_content_type"."app_label" = 'auths' AND "django_content_type"."model" = 'menu'); args=('auths', 'menu')
[2016-05-27 12:06:16] DEBUG [django.db.backends:89] (0.000) SELECT "auth_permission"."id", "auth_permission"."name", "auth_permission"."content_type_id", "auth_permission"."codename" FROM "auth_permission" INNER JOIN "django_content_type" ON ("auth_permission"."content_type_id" = "django_content_type"."id") ORDER BY "django_content_type"."app_label" ASC, "django_content_type"."model" ASC, "auth_permission"."codename" ASC; args=()
[2016-05-27 12:06:16] DEBUG [django.db.backends:89] (0.000) SELECT "django_content_type"."id", "django_content_type"."app_label", "django_content_type"."model" FROM "django_content_type" WHERE "django_content_type"."id" = 1; args=(1,)
[2016-05-27 12:06:16] DEBUG [django.db.backends:89] (0.000) SELECT "django_content_type"."id", "django_content_type"."app_label", "django_content_type"."model" FROM "django_content_type" WHERE "django_content_type"."id" = 1; args=(1,)
[2016-05-27 12:06:16] DEBUG [django.db.backends:89] (0.000) SELECT "django_content_type"."id", "django_content_type"."app_label", "django_content_type"."model" FROM "django_content_type" WHERE "django_content_type"."id" = 1; args=(1,)
[2016-05-27 12:06:16] DEBUG [django.db.backends:89] (0.000) SELECT "django_content_type"."id", "django_content_type"."app_label", "django_content_type"."model" FROM "django_content_type" WHERE "django_content_type"."id" = 3; args=(3,)
[2016-05-27 12:06:16] DEBUG [django.db.backends:89] (0.001) SELECT "django_content_type"."id", "django_content_type"."app_label", "django_content_type"."model" FROM "django_content_type" WHERE "django_content_type"."id" = 3; args=(3,)
[2016-05-27 12:06:16] DEBUG [django.db.backends:89] (0.000) SELECT "django_content_type"."id", "django_content_type"."app_label", "django_content_type"."model" FROM "django_content_type" WHERE "django_content_type"."id" = 3; args=(3,)
[2016-05-27 12:06:16] DEBUG [django.db.backends:89] (0.000) SELECT "django_content_type"."id", "django_content_type"."app_label", "django_content_type"."model" FROM "django_content_type" WHERE "django_content_type"."id" = 2; args=(2,)
[2016-05-27 12:06:16] DEBUG [django.db.backends:89] (0.000) SELECT "django_content_type"."id", "django_content_type"."app_label", "django_content_type"."model" FROM "django_content_type" WHERE "django_content_type"."id" = 2; args=(2,)
[2016-05-27 12:06:16] DEBUG [django.db.backends:89] (0.000) SELECT "django_content_type"."id", "django_content_type"."app_label", "django_content_type"."model" FROM "django_content_type" WHERE "django_content_type"."id" = 2; args=(2,)
[2016-05-27 12:06:16] DEBUG [django.db.backends:89] (0.000) SELECT "django_content_type"."id", "django_content_type"."app_label", "django_content_type"."model" FROM "django_content_type" WHERE "django_content_type"."id" = 9; args=(9,)
[2016-05-27 12:06:16] DEBUG [django.db.backends:89] (0.000) SELECT "django_content_type"."id", "django_content_type"."app_label", "django_content_type"."model" FROM "django_content_type" WHERE "django_content_type"."id" = 9; args=(9,)
[2016-05-27 12:06:16] DEBUG [django.db.backends:89] (0.000) SELECT "django_content_type"."id", "django_content_type"."app_label", "django_content_type"."model" FROM "django_content_type" WHERE "django_content_type"."id" = 9; args=(9,)
[2016-05-27 12:06:16] DEBUG [django.db.backends:89] (0.000) SELECT "django_content_type"."id", "django_content_type"."app_label", "django_content_type"."model" FROM "django_content_type" WHERE "django_content_type"."id" = 9; args=(9,)
[2016-05-27 12:06:16] DEBUG [django.db.backends:89] (0.000) SELECT "django_content_type"."id", "django_content_type"."app_label", "django_content_type"."model" FROM "django_content_type" WHERE "django_content_type"."id" = 9; args=(9,)
[2016-05-27 12:06:16] DEBUG [django.db.backends:89] (0.000) SELECT "django_content_type"."id", "django_content_type"."app_label", "django_content_type"."model" FROM "django_content_type" WHERE "django_content_type"."id" = 8; args=(8,)
[2016-05-27 12:06:16] DEBUG [django.db.backends:89] (0.000) SELECT "django_content_type"."id", "django_content_type"."app_label", "django_content_type"."model" FROM "django_content_type" WHERE "django_content_type"."id" = 8; args=(8,)
[2016-05-27 12:06:16] DEBUG [django.db.backends:89] (0.000) SELECT "django_content_type"."id", "django_content_type"."app_label", "django_content_type"."model" FROM "django_content_type" WHERE "django_content_type"."id" = 8; args=(8,)
[2016-05-27 12:06:16] DEBUG [django.db.backends:89] (0.000) SELECT "django_content_type"."id", "django_content_type"."app_label", "django_content_type"."model" FROM "django_content_type" WHERE "django_content_type"."id" = 8; args=(8,)
[2016-05-27 12:06:16] DEBUG [django.db.backends:89] (0.000) SELECT "django_content_type"."id", "django_content_type"."app_label", "django_content_type"."model" FROM "django_content_type" WHERE "django_content_type"."id" = 8; args=(8,)
[2016-05-27 12:06:16] DEBUG [django.db.backends:89] (0.000) SELECT "django_content_type"."id", "django_content_type"."app_label", "django_content_type"."model" FROM "django_content_type" WHERE "django_content_type"."id" = 10; args=(10,)
[2016-05-27 12:06:16] DEBUG [django.db.backends:89] (0.000) SELECT "django_content_type"."id", "django_content_type"."app_label", "django_content_type"."model" FROM "django_content_type" WHERE "django_content_type"."id" = 10; args=(10,)
[2016-05-27 12:06:16] DEBUG [django.db.backends:89] (0.000) SELECT "django_content_type"."id", "django_content_type"."app_label", "django_content_type"."model" FROM "django_content_type" WHERE "django_content_type"."id" = 10; args=(10,)
[2016-05-27 12:06:16] DEBUG [django.db.backends:89] (0.001) SELECT "django_content_type"."id", "django_content_type"."app_label", "django_content_type"."model" FROM "django_content_type" WHERE "django_content_type"."id" = 10; args=(10,)
[2016-05-27 12:06:16] DEBUG [django.db.backends:89] (0.000) SELECT "django_content_type"."id", "django_content_type"."app_label", "django_content_type"."model" FROM "django_content_type" WHERE "django_content_type"."id" = 10; args=(10,)
[2016-05-27 12:06:16] DEBUG [django.db.backends:89] (0.000) SELECT "django_content_type"."id", "django_content_type"."app_label", "django_content_type"."model" FROM "django_content_type" WHERE "django_content_type"."id" = 6; args=(6,)
[2016-05-27 12:06:16] DEBUG [django.db.backends:89] (0.000) SELECT "django_content_type"."id", "django_content_type"."app_label", "django_content_type"."model" FROM "django_content_type" WHERE "django_content_type"."id" = 6; args=(6,)
[2016-05-27 12:06:16] DEBUG [django.db.backends:89] (0.000) SELECT "django_content_type"."id", "django_content_type"."app_label", "django_content_type"."model" FROM "django_content_type" WHERE "django_content_type"."id" = 6; args=(6,)
[2016-05-27 12:06:16] DEBUG [django.db.backends:89] (0.000) SELECT "django_content_type"."id", "django_content_type"."app_label", "django_content_type"."model" FROM "django_content_type" WHERE "django_content_type"."id" = 7; args=(7,)
[2016-05-27 12:06:16] DEBUG [django.db.backends:89] (0.000) SELECT "django_content_type"."id", "django_content_type"."app_label", "django_content_type"."model" FROM "django_content_type" WHERE "django_content_type"."id" = 7; args=(7,)
[2016-05-27 12:06:16] DEBUG [django.db.backends:89] (0.000) SELECT "django_content_type"."id", "django_content_type"."app_label", "django_content_type"."model" FROM "django_content_type" WHERE "django_content_type"."id" = 7; args=(7,)
[2016-05-27 12:06:16] DEBUG [django.db.backends:89] (0.000) SELECT "django_content_type"."id", "django_content_type"."app_label", "django_content_type"."model" FROM "django_content_type" WHERE "django_content_type"."id" = 7; args=(7,)
[2016-05-27 12:06:16] DEBUG [django.db.backends:89] (0.000) SELECT "django_content_type"."id", "django_content_type"."app_label", "django_content_type"."model" FROM "django_content_type" WHERE "django_content_type"."id" = 7; args=(7,)
[2016-05-27 12:06:16] DEBUG [django.db.backends:89] (0.000) SELECT "django_content_type"."id", "django_content_type"."app_label", "django_content_type"."model" FROM "django_content_type" WHERE "django_content_type"."id" = 11; args=(11,)
[2016-05-27 12:06:16] DEBUG [django.db.backends:89] (0.000) SELECT "django_content_type"."id", "django_content_type"."app_label", "django_content_type"."model" FROM "django_content_type" WHERE "django_content_type"."id" = 11; args=(11,)
[2016-05-27 12:06:16] DEBUG [django.db.backends:89] (0.000) SELECT "django_content_type"."id", "django_content_type"."app_label", "django_content_type"."model" FROM "django_content_type" WHERE "django_content_type"."id" = 11; args=(11,)
[2016-05-27 12:06:16] DEBUG [django.db.backends:89] (0.000) SELECT "django_content_type"."id", "django_content_type"."app_label", "django_content_type"."model" FROM "django_content_type" WHERE "django_content_type"."id" = 12; args=(12,)
[2016-05-27 12:06:16] DEBUG [django.db.backends:89] (0.000) SELECT "django_content_type"."id", "django_content_type"."app_label", "django_content_type"."model" FROM "django_content_type" WHERE "django_content_type"."id" = 12; args=(12,)
[2016-05-27 12:06:16] DEBUG [django.db.backends:89] (0.000) SELECT "django_content_type"."id", "django_content_type"."app_label", "django_content_type"."model" FROM "django_content_type" WHERE "django_content_type"."id" = 12; args=(12,)
[2016-05-27 12:06:16] DEBUG [django.db.backends:89] (0.000) SELECT "django_content_type"."id", "django_content_type"."app_label", "django_content_type"."model" FROM "django_content_type" WHERE "django_content_type"."id" = 4; args=(4,)
[2016-05-27 12:06:16] DEBUG [django.db.backends:89] (0.000) SELECT "django_content_type"."id", "django_content_type"."app_label", "django_content_type"."model" FROM "django_content_type" WHERE "django_content_type"."id" = 4; args=(4,)
[2016-05-27 12:06:16] DEBUG [django.db.backends:89] (0.000) SELECT "django_content_type"."id", "django_content_type"."app_label", "django_content_type"."model" FROM "django_content_type" WHERE "django_content_type"."id" = 4; args=(4,)
[2016-05-27 12:06:16] DEBUG [django.db.backends:89] (0.000) SELECT "django_content_type"."id", "django_content_type"."app_label", "django_content_type"."model" FROM "django_content_type" WHERE "django_content_type"."id" = 13; args=(13,)
[2016-05-27 12:06:16] DEBUG [django.db.backends:89] (0.000) SELECT "django_content_type"."id", "django_content_type"."app_label", "django_content_type"."model" FROM "django_content_type" WHERE "django_content_type"."id" = 13; args=(13,)
[2016-05-27 12:06:16] DEBUG [django.db.backends:89] (0.000) SELECT "django_content_type"."id", "django_content_type"."app_label", "django_content_type"."model" FROM "django_content_type" WHERE "django_content_type"."id" = 13; args=(13,)
[2016-05-27 12:06:16] DEBUG [django.db.backends:89] (0.000) SELECT "django_content_type"."id", "django_content_type"."app_label", "django_content_type"."model" FROM "django_content_type" WHERE "django_content_type"."id" = 16; args=(16,)
[2016-05-27 12:06:16] DEBUG [django.db.backends:89] (0.000) SELECT "django_content_type"."id", "django_content_type"."app_label", "django_content_type"."model" FROM "django_content_type" WHERE "django_content_type"."id" = 16; args=(16,)
[2016-05-27 12:06:16] DEBUG [django.db.backends:89] (0.000) SELECT "django_content_type"."id", "django_content_type"."app_label", "django_content_type"."model" FROM "django_content_type" WHERE "django_content_type"."id" = 16; args=(16,)
[2016-05-27 12:06:16] DEBUG [django.db.backends:89] (0.000) SELECT "django_content_type"."id", "django_content_type"."app_label", "django_content_type"."model" FROM "django_content_type" WHERE "django_content_type"."id" = 14; args=(14,)
[2016-05-27 12:06:16] DEBUG [django.db.backends:89] (0.000) SELECT "django_content_type"."id", "django_content_type"."app_label", "django_content_type"."model" FROM "django_content_type" WHERE "django_content_type"."id" = 14; args=(14,)
[2016-05-27 12:06:16] DEBUG [django.db.backends:89] (0.000) SELECT "django_content_type"."id", "django_content_type"."app_label", "django_content_type"."model" FROM "django_content_type" WHERE "django_content_type"."id" = 14; args=(14,)
[2016-05-27 12:06:16] DEBUG [django.db.backends:89] (0.000) SELECT "django_content_type"."id", "django_content_type"."app_label", "django_content_type"."model" FROM "django_content_type" WHERE "django_content_type"."id" = 15; args=(15,)
[2016-05-27 12:06:16] DEBUG [django.db.backends:89] (0.000) SELECT "django_content_type"."id", "django_content_type"."app_label", "django_content_type"."model" FROM "django_content_type" WHERE "django_content_type"."id" = 15; args=(15,)
[2016-05-27 12:06:16] DEBUG [django.db.backends:89] (0.000) SELECT "django_content_type"."id", "django_content_type"."app_label", "django_content_type"."model" FROM "django_content_type" WHERE "django_content_type"."id" = 15; args=(15,)
[2016-05-27 12:06:16] DEBUG [django.db.backends:89] (0.000) SELECT "django_content_type"."id", "django_content_type"."app_label", "django_content_type"."model" FROM "django_content_type" WHERE "django_content_type"."id" = 17; args=(17,)
[2016-05-27 12:06:16] DEBUG [django.db.backends:89] (0.000) SELECT "django_content_type"."id", "django_content_type"."app_label", "django_content_type"."model" FROM "django_content_type" WHERE "django_content_type"."id" = 17; args=(17,)
[2016-05-27 12:06:16] DEBUG [django.db.backends:89] (0.001) SELECT "django_content_type"."id", "django_content_type"."app_label", "django_content_type"."model" FROM "django_content_type" WHERE "django_content_type"."id" = 17; args=(17,)
[2016-05-27 12:06:16] DEBUG [django.db.backends:89] (0.000) SELECT "django_content_type"."id", "django_content_type"."app_label", "django_content_type"."model" FROM "django_content_type" WHERE "django_content_type"."id" = 5; args=(5,)
[2016-05-27 12:06:16] DEBUG [django.db.backends:89] (0.000) SELECT "django_content_type"."id", "django_content_type"."app_label", "django_content_type"."model" FROM "django_content_type" WHERE "django_content_type"."id" = 5; args=(5,)
[2016-05-27 12:06:16] DEBUG [django.db.backends:89] (0.000) SELECT "django_content_type"."id", "django_content_type"."app_label", "django_content_type"."model" FROM "django_content_type" WHERE "django_content_type"."id" = 5; args=(5,)
[2016-05-27 12:06:16] DEBUG [django.template:927] Exception while resolving variable 'can_delete_related' in template 'admin/related_widget_wrapper.html'.
Traceback (most recent call last):
  File "D:\practian\ioteca\ve_ioteca\lib\site-packages\django\template\base.py", line 883, in _resolve_lookup
    current = current[bit]
  File "D:\practian\ioteca\ve_ioteca\lib\site-packages\django\template\context.py", line 77, in __getitem__
    raise KeyError(key)
KeyError: 'can_delete_related'

During handling of the above exception, another exception occurred:

Traceback (most recent call last):
  File "D:\practian\ioteca\ve_ioteca\lib\site-packages\django\template\base.py", line 889, in _resolve_lookup
    if isinstance(current, BaseContext) and getattr(type(current), bit):
AttributeError: type object 'Context' has no attribute 'can_delete_related'

During handling of the above exception, another exception occurred:

Traceback (most recent call last):
  File "D:\practian\ioteca\ve_ioteca\lib\site-packages\django\template\base.py", line 898, in _resolve_lookup
    current = current[int(bit)]
ValueError: invalid literal for int() with base 10: 'can_delete_related'

During handling of the above exception, another exception occurred:

Traceback (most recent call last):
  File "D:\practian\ioteca\ve_ioteca\lib\site-packages\django\template\base.py", line 905, in _resolve_lookup
    (bit, current))  # missing attribute
django.template.base.VariableDoesNotExist: Failed lookup for key [can_delete_related] in '[{\'None\': None, \'False\': False, \'True\': True}, {\'name\': \'permission\', \'url_params\': \'_to_field=id&_popup=1\', \'can_add_related\': True, \'can_change_related\': True, \'change_related_template_url\': \'/admin/auth/permission/__fk__/change/\', \'widget\': \'<select id="id_permission" name="permission">\\n<option value="" selected="selected">---------</option>\\n<option value="1">admin | log entry | Can add log entry</option>\\n<option value="2">admin | log entry | Can change log entry</option>\\n<option value="3">admin | log entry | Can delete log entry</option>\\n<option value="7">auth | group | Can add group</option>\\n<option value="8">auth | group | Can change group</option>\\n<option value="9">auth | group | Can delete group</option>\\n<option value="4">auth | permission | Can add permission</option>\\n<option value="5">auth | permission | Can change permission</option>\\n<option value="6">auth | permission | Can delete permission</option>\\n<option value="29">auths | hierarchy | Can add hierarchy</option>\\n<option value="30">auths | hierarchy | Can change hierarchy</option>\\n<option value="31">auths | hierarchy | Can delete hierarchy</option>\\n<option value="33">auths | hierarchy | Can get hierarchy</option>\\n<option value="32">auths | hierarchy | Can list hierarchy</option>\\n<option value="24">auths | hierarchy type | Can add hierarchy type</option>\\n<option value="25">auths | hierarchy type | Can change hierarchy type</option>\\n<option value="26">auths | hierarchy type | Can delete hierarchy type</option>\\n<option value="28">auths | hierarchy type | Can get hierarchytype</option>\\n<option value="27">auths | hierarchy type | Can list hierarchytype</option>\\n<option value="34">auths | menu | Can add menu</option>\\n<option value="35">auths | menu | Can change menu</option>\\n<option value="36">auths | menu | Can delete menu</option>\\n<option value="38">auths | menu | Can get menu</option>\\n<option value="37">auths | menu | Can list menu</option>\\n<option value="16">auths | Person | Can add Person</option>\\n<option value="17">auths | Person | Can change Person</option>\\n<option value="18">auths | Person | Can delete Person</option>\\n<option value="19">auths | User | Can add User</option>\\n<option value="20">auths | User | Can change User</option>\\n<option value="21">auths | User | Can delete User</option>\\n<option value="23">auths | User | Can get user</option>\\n<option value="22">auths | User | Can list user</option>\\n<option value="39">auths | user hierarchy group | Can add user hierarchy group</option>\\n<option value="40">auths | user hierarchy group | Can change user hierarchy group</option>\\n<option value="41">auths | user hierarchy group | Can delete user hierarchy group</option>\\n<option value="42">auths | user hierarchy permission | Can add user hierarchy permission</option>\\n<option value="43">auths | user hierarchy permission | Can change user hierarchy permission</option>\\n<option value="44">auths | user hierarchy permission | Can delete user hierarchy permission</option>\\n<option value="10">contenttypes | content type | Can add content type</option>\\n<option value="11">contenttypes | content type | Can change content type</option>\\n<option value="12">contenttypes | content type | Can delete content type</option>\\n<option value="45">corsheaders | cors model | Can add cors model</option>\\n<option value="46">corsheaders | cors model | Can change cors model</option>\\n<option value="47">corsheaders | cors model | Can delete cors model</option>\\n<option value="54">oauth2_provider | access token | Can add access token</option>\\n<option value="55">oauth2_provider | access token | Can change access token</option>\\n<option value="56">oauth2_provider | access token | Can delete access token</option>\\n<option value="48">oauth2_provider | application | Can add application</option>\\n<option value="49">oauth2_provider | application | Can change application</option>\\n<option value="50">oauth2_provider | application | Can delete application</option>\\n<option value="51">oauth2_provider | grant | Can add grant</option>\\n<option value="52">oauth2_provider | grant | Can change grant</option>\\n<option value="53">oauth2_provider | grant | Can delete grant</option>\\n<option value="57">oauth2_provider | refresh token | Can add refresh token</option>\\n<option value="58">oauth2_provider | refresh token | Can change refresh token</option>\\n<option value="59">oauth2_provider | refresh token | Can delete refresh token</option>\\n<option value="13">sessions | session | Can add session</option>\\n<option value="14">sessions | session | Can change session</option>\\n<option value="15">sessions | session | Can delete session</option>\\n</select>\', \'add_related_url\': \'/admin/auth/permission/add/\', \'model\': <django.utils.functional.lazy.<locals>.__proxy__ object at 0x03560C70>}, {\'block\': <Block Node: links. Contents: [<TextNode: \'\\n        \'>, <IfNode>, <TextNode: \'\\n        \'>, <IfNode>, <TextNode: \'\\n        \'>, <IfNode>, <TextNode: \'\\n    \'>]>}]'
[2016-05-27 12:06:16] DEBUG [django.db.backends:89] (0.001) SELECT "auths_menu"."id", "auths_menu"."module", "auths_menu"."state", "auths_menu"."title", "auths_menu"."url", "auths_menu"."template_url", "auths_menu"."pos", "auths_menu"."icon", "auths_menu"."is_active", "auths_menu"."is_abstract", "auths_menu"."description", "auths_menu"."permission_id", "auths_menu"."parent_id", "auths_menu"."created_at", "auths_menu"."updated_at", "auths_menu"."registered_by" FROM "auths_menu"; args=()
[2016-05-27 12:06:16] DEBUG [django.template:927] Exception while resolving variable 'can_delete_related' in template 'admin/related_widget_wrapper.html'.
Traceback (most recent call last):
  File "D:\practian\ioteca\ve_ioteca\lib\site-packages\django\template\base.py", line 883, in _resolve_lookup
    current = current[bit]
  File "D:\practian\ioteca\ve_ioteca\lib\site-packages\django\template\context.py", line 77, in __getitem__
    raise KeyError(key)
KeyError: 'can_delete_related'

During handling of the above exception, another exception occurred:

Traceback (most recent call last):
  File "D:\practian\ioteca\ve_ioteca\lib\site-packages\django\template\base.py", line 889, in _resolve_lookup
    if isinstance(current, BaseContext) and getattr(type(current), bit):
AttributeError: type object 'Context' has no attribute 'can_delete_related'

During handling of the above exception, another exception occurred:

Traceback (most recent call last):
  File "D:\practian\ioteca\ve_ioteca\lib\site-packages\django\template\base.py", line 898, in _resolve_lookup
    current = current[int(bit)]
ValueError: invalid literal for int() with base 10: 'can_delete_related'

During handling of the above exception, another exception occurred:

Traceback (most recent call last):
  File "D:\practian\ioteca\ve_ioteca\lib\site-packages\django\template\base.py", line 905, in _resolve_lookup
    (bit, current))  # missing attribute
django.template.base.VariableDoesNotExist: Failed lookup for key [can_delete_related] in '[{\'None\': None, \'False\': False, \'True\': True}, {\'name\': \'parent\', \'url_params\': \'_to_field=id&_popup=1\', \'can_add_related\': True, \'can_change_related\': True, \'change_related_template_url\': \'/admin/auths/menu/__fk__/change/\', \'widget\': \'<select id="id_parent" name="parent">\\n<option value="" selected="selected">---------</option>\\n</select>\', \'add_related_url\': \'/admin/auths/menu/add/\', \'model\': <django.utils.functional.lazy.<locals>.__proxy__ object at 0x03609470>}, {\'block\': <Block Node: links. Contents: [<TextNode: \'\\n        \'>, <IfNode>, <TextNode: \'\\n        \'>, <IfNode>, <TextNode: \'\\n        \'>, <IfNode>, <TextNode: \'\\n    \'>]>}]'
[2016-05-27 12:06:16] DEBUG [django.db.backends:89] (0.002) SELECT "django_session"."session_key", "django_session"."session_data", "django_session"."expire_date" FROM "django_session" WHERE ("django_session"."expire_date" > '2016-05-27 17:06:16.661069' AND "django_session"."session_key" = 'y0waz4m5mxknd1mhb3b80bv5hzkdp5tx'); args=('2016-05-27 17:06:16.661069', 'y0waz4m5mxknd1mhb3b80bv5hzkdp5tx')
[2016-05-27 12:06:16] DEBUG [django.db.backends:89] (0.000) SELECT "auths_user"."password", "auths_user"."last_login", "auths_user"."is_superuser", "auths_user"."username", "auths_user"."first_name", "auths_user"."last_name", "auths_user"."email", "auths_user"."is_staff", "auths_user"."is_active", "auths_user"."date_joined", "auths_user"."id", "auths_user"."last_hierarchy_id", "auths_user"."last_module_id", "auths_user"."person_id", "auths_user"."updated_at", "auths_user"."registered_by" FROM "auths_user" WHERE "auths_user"."id" = '4c7e4779b6bd47198afbd9e574b13d0a'; args=('4c7e4779b6bd47198afbd9e574b13d0a',)
[2016-05-27 12:06:18] DEBUG [django.db.backends:89] (0.003) SELECT "django_session"."session_key", "django_session"."session_data", "django_session"."expire_date" FROM "django_session" WHERE ("django_session"."expire_date" > '2016-05-27 17:06:18.206157' AND "django_session"."session_key" = 'y0waz4m5mxknd1mhb3b80bv5hzkdp5tx'); args=('2016-05-27 17:06:18.206157', 'y0waz4m5mxknd1mhb3b80bv5hzkdp5tx')
[2016-05-27 12:06:18] DEBUG [django.db.backends:89] (0.002) SELECT "auths_user"."password", "auths_user"."last_login", "auths_user"."is_superuser", "auths_user"."username", "auths_user"."first_name", "auths_user"."last_name", "auths_user"."email", "auths_user"."is_staff", "auths_user"."is_active", "auths_user"."date_joined", "auths_user"."id", "auths_user"."last_hierarchy_id", "auths_user"."last_module_id", "auths_user"."person_id", "auths_user"."updated_at", "auths_user"."registered_by" FROM "auths_user" WHERE "auths_user"."id" = '4c7e4779b6bd47198afbd9e574b13d0a'; args=('4c7e4779b6bd47198afbd9e574b13d0a',)
[2016-05-27 12:07:35] DEBUG [django.db.backends:89] (0.003) SELECT "oauth2_provider_accesstoken"."id", "oauth2_provider_accesstoken"."user_id", "oauth2_provider_accesstoken"."token", "oauth2_provider_accesstoken"."application_id", "oauth2_provider_accesstoken"."expires", "oauth2_provider_accesstoken"."scope", "auths_user"."password", "auths_user"."last_login", "auths_user"."is_superuser", "auths_user"."username", "auths_user"."first_name", "auths_user"."last_name", "auths_user"."email", "auths_user"."is_staff", "auths_user"."is_active", "auths_user"."date_joined", "auths_user"."id", "auths_user"."last_hierarchy_id", "auths_user"."last_module_id", "auths_user"."person_id", "auths_user"."updated_at", "auths_user"."registered_by", "oauth2_provider_application"."id", "oauth2_provider_application"."client_id", "oauth2_provider_application"."user_id", "oauth2_provider_application"."redirect_uris", "oauth2_provider_application"."client_type", "oauth2_provider_application"."authorization_grant_type", "oauth2_provider_application"."client_secret", "oauth2_provider_application"."name", "oauth2_provider_application"."skip_authorization" FROM "oauth2_provider_accesstoken" LEFT OUTER JOIN "auths_user" ON ("oauth2_provider_accesstoken"."user_id" = "auths_user"."id") INNER JOIN "oauth2_provider_application" ON ("oauth2_provider_accesstoken"."application_id" = "oauth2_provider_application"."id") WHERE "oauth2_provider_accesstoken"."token" = '8LM1dpmloe7kAgSkkpdhh1OVxNXSXa'; args=('8LM1dpmloe7kAgSkkpdhh1OVxNXSXa',)
[2016-05-27 12:07:35] DEBUG [django.db.backends:89] (0.000) SELECT COUNT(*) AS "__count" FROM "auths_menu" WHERE ("auths_menu"."parent_id" IS NULL AND "auths_menu"."parent_id" IS NULL); args=()
[2016-05-27 12:07:54] DEBUG [django.db.backends:89] (0.002) SELECT "oauth2_provider_accesstoken"."id", "oauth2_provider_accesstoken"."user_id", "oauth2_provider_accesstoken"."token", "oauth2_provider_accesstoken"."application_id", "oauth2_provider_accesstoken"."expires", "oauth2_provider_accesstoken"."scope", "auths_user"."password", "auths_user"."last_login", "auths_user"."is_superuser", "auths_user"."username", "auths_user"."first_name", "auths_user"."last_name", "auths_user"."email", "auths_user"."is_staff", "auths_user"."is_active", "auths_user"."date_joined", "auths_user"."id", "auths_user"."last_hierarchy_id", "auths_user"."last_module_id", "auths_user"."person_id", "auths_user"."updated_at", "auths_user"."registered_by", "oauth2_provider_application"."id", "oauth2_provider_application"."client_id", "oauth2_provider_application"."user_id", "oauth2_provider_application"."redirect_uris", "oauth2_provider_application"."client_type", "oauth2_provider_application"."authorization_grant_type", "oauth2_provider_application"."client_secret", "oauth2_provider_application"."name", "oauth2_provider_application"."skip_authorization" FROM "oauth2_provider_accesstoken" LEFT OUTER JOIN "auths_user" ON ("oauth2_provider_accesstoken"."user_id" = "auths_user"."id") INNER JOIN "oauth2_provider_application" ON ("oauth2_provider_accesstoken"."application_id" = "oauth2_provider_application"."id") WHERE "oauth2_provider_accesstoken"."token" = '8LM1dpmloe7kAgSkkpdhh1OVxNXSXa'; args=('8LM1dpmloe7kAgSkkpdhh1OVxNXSXa',)
[2016-05-27 12:07:54] DEBUG [django.db.backends:89] (0.000) SELECT COUNT(*) AS "__count" FROM "auths_menu" WHERE ("auths_menu"."parent_id" IS NULL AND "auths_menu"."parent_id" IS NULL); args=()
[2016-05-27 15:54:47] DEBUG [django.db.backends:89] (0.002) 
            SELECT name, type FROM sqlite_master
            WHERE type in ('table', 'view') AND NOT name='sqlite_sequence'
            ORDER BY name; args=None
[2016-05-27 15:54:47] DEBUG [django.db.backends:89] (0.000) SELECT "django_migrations"."app", "django_migrations"."name" FROM "django_migrations"; args=()
[2016-05-27 15:54:52] DEBUG [django.db.backends:89] (0.006) SELECT "oauth2_provider_accesstoken"."id", "oauth2_provider_accesstoken"."user_id", "oauth2_provider_accesstoken"."token", "oauth2_provider_accesstoken"."application_id", "oauth2_provider_accesstoken"."expires", "oauth2_provider_accesstoken"."scope", "auths_user"."password", "auths_user"."last_login", "auths_user"."is_superuser", "auths_user"."username", "auths_user"."first_name", "auths_user"."last_name", "auths_user"."email", "auths_user"."is_staff", "auths_user"."is_active", "auths_user"."date_joined", "auths_user"."id", "auths_user"."last_hierarchy_id", "auths_user"."last_module_id", "auths_user"."person_id", "auths_user"."updated_at", "auths_user"."registered_by", "oauth2_provider_application"."id", "oauth2_provider_application"."client_id", "oauth2_provider_application"."user_id", "oauth2_provider_application"."redirect_uris", "oauth2_provider_application"."client_type", "oauth2_provider_application"."authorization_grant_type", "oauth2_provider_application"."client_secret", "oauth2_provider_application"."name", "oauth2_provider_application"."skip_authorization" FROM "oauth2_provider_accesstoken" LEFT OUTER JOIN "auths_user" ON ("oauth2_provider_accesstoken"."user_id" = "auths_user"."id") INNER JOIN "oauth2_provider_application" ON ("oauth2_provider_accesstoken"."application_id" = "oauth2_provider_application"."id") WHERE "oauth2_provider_accesstoken"."token" = '8LM1dpmloe7kAgSkkpdhh1OVxNXSXa'; args=('8LM1dpmloe7kAgSkkpdhh1OVxNXSXa',)
[2016-05-27 15:54:52] DEBUG [django.db.backends:89] (0.003) SELECT "oauth2_provider_accesstoken"."id", "oauth2_provider_accesstoken"."user_id", "oauth2_provider_accesstoken"."token", "oauth2_provider_accesstoken"."application_id", "oauth2_provider_accesstoken"."expires", "oauth2_provider_accesstoken"."scope", "auths_user"."password", "auths_user"."last_login", "auths_user"."is_superuser", "auths_user"."username", "auths_user"."first_name", "auths_user"."last_name", "auths_user"."email", "auths_user"."is_staff", "auths_user"."is_active", "auths_user"."date_joined", "auths_user"."id", "auths_user"."last_hierarchy_id", "auths_user"."last_module_id", "auths_user"."person_id", "auths_user"."updated_at", "auths_user"."registered_by", "oauth2_provider_application"."id", "oauth2_provider_application"."client_id", "oauth2_provider_application"."user_id", "oauth2_provider_application"."redirect_uris", "oauth2_provider_application"."client_type", "oauth2_provider_application"."authorization_grant_type", "oauth2_provider_application"."client_secret", "oauth2_provider_application"."name", "oauth2_provider_application"."skip_authorization" FROM "oauth2_provider_accesstoken" LEFT OUTER JOIN "auths_user" ON ("oauth2_provider_accesstoken"."user_id" = "auths_user"."id") INNER JOIN "oauth2_provider_application" ON ("oauth2_provider_accesstoken"."application_id" = "oauth2_provider_application"."id") WHERE "oauth2_provider_accesstoken"."token" = '8LM1dpmloe7kAgSkkpdhh1OVxNXSXa'; args=('8LM1dpmloe7kAgSkkpdhh1OVxNXSXa',)
[2016-05-27 15:54:52] DEBUG [django.db.backends:89] (0.000) SELECT "auth_group"."id", "auth_group"."name" FROM "auth_group" INNER JOIN "auths_user_groups" ON ("auth_group"."id" = "auths_user_groups"."group_id") WHERE "auths_user_groups"."user_id" = '4c7e4779b6bd47198afbd9e574b13d0a'; args=('4c7e4779b6bd47198afbd9e574b13d0a',)
[2016-05-27 15:54:52] DEBUG [django.db.backends:89] (0.000) SELECT "auths_menu"."id" FROM "auths_menu" WHERE ("auths_menu"."id" IS NOT NULL AND "auths_menu"."module" = 'BACKEND' AND "auths_menu"."is_active" = 1) ORDER BY "auths_menu"."pos" ASC; args=('BACKEND', True)
[2016-05-27 15:54:52] DEBUG [django.db.backends:89] (0.002) SELECT "auth_permission"."id", "auth_permission"."name", "auth_permission"."content_type_id", "auth_permission"."codename" FROM "auth_permission" INNER JOIN "auths_user_user_permissions" ON ("auth_permission"."id" = "auths_user_user_permissions"."permission_id") INNER JOIN "django_content_type" ON ("auth_permission"."content_type_id" = "django_content_type"."id") WHERE "auths_user_user_permissions"."user_id" = '4c7e4779b6bd47198afbd9e574b13d0a' ORDER BY "django_content_type"."app_label" ASC, "django_content_type"."model" ASC, "auth_permission"."codename" ASC; args=('4c7e4779b6bd47198afbd9e574b13d0a',)
[2016-05-31 09:44:14] DEBUG [django.db.backends:89] (0.185) SELECT "oauth2_provider_accesstoken"."id", "oauth2_provider_accesstoken"."user_id", "oauth2_provider_accesstoken"."token", "oauth2_provider_accesstoken"."application_id", "oauth2_provider_accesstoken"."expires", "oauth2_provider_accesstoken"."scope", "auths_user"."password", "auths_user"."last_login", "auths_user"."is_superuser", "auths_user"."username", "auths_user"."first_name", "auths_user"."last_name", "auths_user"."email", "auths_user"."is_staff", "auths_user"."is_active", "auths_user"."date_joined", "auths_user"."id", "auths_user"."last_hierarchy_id", "auths_user"."last_module_id", "auths_user"."person_id", "auths_user"."updated_at", "auths_user"."registered_by", "oauth2_provider_application"."id", "oauth2_provider_application"."client_id", "oauth2_provider_application"."user_id", "oauth2_provider_application"."redirect_uris", "oauth2_provider_application"."client_type", "oauth2_provider_application"."authorization_grant_type", "oauth2_provider_application"."client_secret", "oauth2_provider_application"."name", "oauth2_provider_application"."skip_authorization" FROM "oauth2_provider_accesstoken" LEFT OUTER JOIN "auths_user" ON ("oauth2_provider_accesstoken"."user_id" = "auths_user"."id") INNER JOIN "oauth2_provider_application" ON ("oauth2_provider_accesstoken"."application_id" = "oauth2_provider_application"."id") WHERE "oauth2_provider_accesstoken"."token" = '8LM1dpmloe7kAgSkkpdhh1OVxNXSXa'; args=('8LM1dpmloe7kAgSkkpdhh1OVxNXSXa',)
[2016-05-31 09:44:14] DEBUG [django.db.backends:89] (0.133) SELECT "oauth2_provider_accesstoken"."id", "oauth2_provider_accesstoken"."user_id", "oauth2_provider_accesstoken"."token", "oauth2_provider_accesstoken"."application_id", "oauth2_provider_accesstoken"."expires", "oauth2_provider_accesstoken"."scope", "auths_user"."password", "auths_user"."last_login", "auths_user"."is_superuser", "auths_user"."username", "auths_user"."first_name", "auths_user"."last_name", "auths_user"."email", "auths_user"."is_staff", "auths_user"."is_active", "auths_user"."date_joined", "auths_user"."id", "auths_user"."last_hierarchy_id", "auths_user"."last_module_id", "auths_user"."person_id", "auths_user"."updated_at", "auths_user"."registered_by", "oauth2_provider_application"."id", "oauth2_provider_application"."client_id", "oauth2_provider_application"."user_id", "oauth2_provider_application"."redirect_uris", "oauth2_provider_application"."client_type", "oauth2_provider_application"."authorization_grant_type", "oauth2_provider_application"."client_secret", "oauth2_provider_application"."name", "oauth2_provider_application"."skip_authorization" FROM "oauth2_provider_accesstoken" LEFT OUTER JOIN "auths_user" ON ("oauth2_provider_accesstoken"."user_id" = "auths_user"."id") INNER JOIN "oauth2_provider_application" ON ("oauth2_provider_accesstoken"."application_id" = "oauth2_provider_application"."id") WHERE "oauth2_provider_accesstoken"."token" = '8LM1dpmloe7kAgSkkpdhh1OVxNXSXa'; args=('8LM1dpmloe7kAgSkkpdhh1OVxNXSXa',)
[2016-05-31 09:44:56] DEBUG [django.db.backends:89] (0.002) SELECT "oauth2_provider_application"."id", "oauth2_provider_application"."client_id", "oauth2_provider_application"."user_id", "oauth2_provider_application"."redirect_uris", "oauth2_provider_application"."client_type", "oauth2_provider_application"."authorization_grant_type", "oauth2_provider_application"."client_secret", "oauth2_provider_application"."name", "oauth2_provider_application"."skip_authorization" FROM "oauth2_provider_application" WHERE "oauth2_provider_application"."client_id" = 'I2oDvNlk4BxRuUzibhPdDrT6FwFFs20ZXfzB3kpC'; args=('I2oDvNlk4BxRuUzibhPdDrT6FwFFs20ZXfzB3kpC',)
[2016-05-31 09:44:56] DEBUG [django.db.backends:89] (0.000) SELECT "auths_user"."password", "auths_user"."last_login", "auths_user"."is_superuser", "auths_user"."username", "auths_user"."first_name", "auths_user"."last_name", "auths_user"."email", "auths_user"."is_staff", "auths_user"."is_active", "auths_user"."date_joined", "auths_user"."id", "auths_user"."last_hierarchy_id", "auths_user"."last_module_id", "auths_user"."person_id", "auths_user"."updated_at", "auths_user"."registered_by" FROM "auths_user" WHERE "auths_user"."username" = 'admin'; args=('admin',)
[2016-05-31 09:44:56] DEBUG [django.db.backends:89] (0.000) BEGIN; args=None
[2016-05-31 09:44:56] DEBUG [django.db.backends:89] (0.002) INSERT INTO "oauth2_provider_accesstoken" ("user_id", "token", "application_id", "expires", "scope") VALUES ('4c7e4779b6bd47198afbd9e574b13d0a', 'PAzlIDoliQRR5MU2I765RabOAF6iJA', 1, '2016-06-01 00:44:56.498402', 'read write'); args=['4c7e4779b6bd47198afbd9e574b13d0a', 'PAzlIDoliQRR5MU2I765RabOAF6iJA', 1, '2016-06-01 00:44:56.498402', 'read write']
[2016-05-31 09:44:56] DEBUG [django.db.backends:89] (0.000) BEGIN; args=None
[2016-05-31 09:44:56] DEBUG [django.db.backends:89] (0.001) INSERT INTO "oauth2_provider_refreshtoken" ("user_id", "token", "application_id", "access_token_id") VALUES ('4c7e4779b6bd47198afbd9e574b13d0a', 'lPqmBeGqKniaTr8rTuscnFP0w5gIGS', 1, 9); args=['4c7e4779b6bd47198afbd9e574b13d0a', 'lPqmBeGqKniaTr8rTuscnFP0w5gIGS', 1, 9]
[2016-05-31 09:45:06] DEBUG [django.db.backends:89] (0.002) SELECT "oauth2_provider_accesstoken"."id", "oauth2_provider_accesstoken"."user_id", "oauth2_provider_accesstoken"."token", "oauth2_provider_accesstoken"."application_id", "oauth2_provider_accesstoken"."expires", "oauth2_provider_accesstoken"."scope", "auths_user"."password", "auths_user"."last_login", "auths_user"."is_superuser", "auths_user"."username", "auths_user"."first_name", "auths_user"."last_name", "auths_user"."email", "auths_user"."is_staff", "auths_user"."is_active", "auths_user"."date_joined", "auths_user"."id", "auths_user"."last_hierarchy_id", "auths_user"."last_module_id", "auths_user"."person_id", "auths_user"."updated_at", "auths_user"."registered_by", "oauth2_provider_application"."id", "oauth2_provider_application"."client_id", "oauth2_provider_application"."user_id", "oauth2_provider_application"."redirect_uris", "oauth2_provider_application"."client_type", "oauth2_provider_application"."authorization_grant_type", "oauth2_provider_application"."client_secret", "oauth2_provider_application"."name", "oauth2_provider_application"."skip_authorization" FROM "oauth2_provider_accesstoken" LEFT OUTER JOIN "auths_user" ON ("oauth2_provider_accesstoken"."user_id" = "auths_user"."id") INNER JOIN "oauth2_provider_application" ON ("oauth2_provider_accesstoken"."application_id" = "oauth2_provider_application"."id") WHERE "oauth2_provider_accesstoken"."token" = 'PAzlIDoliQRR5MU2I765RabOAF6iJA'; args=('PAzlIDoliQRR5MU2I765RabOAF6iJA',)
[2016-05-31 09:45:06] DEBUG [django.db.backends:89] (0.002) SELECT "auths_menu"."id" FROM "auths_menu" WHERE ("auths_menu"."id" IS NOT NULL AND "auths_menu"."module" = 'BACKEND' AND "auths_menu"."is_active" = 1) ORDER BY "auths_menu"."pos" ASC; args=('BACKEND', True)
[2016-05-31 09:45:06] DEBUG [django.db.backends:89] (0.001) SELECT "oauth2_provider_accesstoken"."id", "oauth2_provider_accesstoken"."user_id", "oauth2_provider_accesstoken"."token", "oauth2_provider_accesstoken"."application_id", "oauth2_provider_accesstoken"."expires", "oauth2_provider_accesstoken"."scope", "auths_user"."password", "auths_user"."last_login", "auths_user"."is_superuser", "auths_user"."username", "auths_user"."first_name", "auths_user"."last_name", "auths_user"."email", "auths_user"."is_staff", "auths_user"."is_active", "auths_user"."date_joined", "auths_user"."id", "auths_user"."last_hierarchy_id", "auths_user"."last_module_id", "auths_user"."person_id", "auths_user"."updated_at", "auths_user"."registered_by", "oauth2_provider_application"."id", "oauth2_provider_application"."client_id", "oauth2_provider_application"."user_id", "oauth2_provider_application"."redirect_uris", "oauth2_provider_application"."client_type", "oauth2_provider_application"."authorization_grant_type", "oauth2_provider_application"."client_secret", "oauth2_provider_application"."name", "oauth2_provider_application"."skip_authorization" FROM "oauth2_provider_accesstoken" LEFT OUTER JOIN "auths_user" ON ("oauth2_provider_accesstoken"."user_id" = "auths_user"."id") INNER JOIN "oauth2_provider_application" ON ("oauth2_provider_accesstoken"."application_id" = "oauth2_provider_application"."id") WHERE "oauth2_provider_accesstoken"."token" = 'PAzlIDoliQRR5MU2I765RabOAF6iJA'; args=('PAzlIDoliQRR5MU2I765RabOAF6iJA',)
[2016-05-31 09:45:06] DEBUG [django.db.backends:89] (0.000) SELECT "auth_group"."id", "auth_group"."name" FROM "auth_group" INNER JOIN "auths_user_groups" ON ("auth_group"."id" = "auths_user_groups"."group_id") WHERE "auths_user_groups"."user_id" = '4c7e4779b6bd47198afbd9e574b13d0a'; args=('4c7e4779b6bd47198afbd9e574b13d0a',)
[2016-05-31 09:45:06] DEBUG [django.db.backends:89] (0.000) SELECT "auth_permission"."id", "auth_permission"."name", "auth_permission"."content_type_id", "auth_permission"."codename" FROM "auth_permission" INNER JOIN "auths_user_user_permissions" ON ("auth_permission"."id" = "auths_user_user_permissions"."permission_id") INNER JOIN "django_content_type" ON ("auth_permission"."content_type_id" = "django_content_type"."id") WHERE "auths_user_user_permissions"."user_id" = '4c7e4779b6bd47198afbd9e574b13d0a' ORDER BY "django_content_type"."app_label" ASC, "django_content_type"."model" ASC, "auth_permission"."codename" ASC; args=('4c7e4779b6bd47198afbd9e574b13d0a',)
[2016-05-31 09:46:02] DEBUG [django.db.backends:89] (0.021) SELECT "oauth2_provider_accesstoken"."id", "oauth2_provider_accesstoken"."user_id", "oauth2_provider_accesstoken"."token", "oauth2_provider_accesstoken"."application_id", "oauth2_provider_accesstoken"."expires", "oauth2_provider_accesstoken"."scope", "auths_user"."password", "auths_user"."last_login", "auths_user"."is_superuser", "auths_user"."username", "auths_user"."first_name", "auths_user"."last_name", "auths_user"."email", "auths_user"."is_staff", "auths_user"."is_active", "auths_user"."date_joined", "auths_user"."id", "auths_user"."last_hierarchy_id", "auths_user"."last_module_id", "auths_user"."person_id", "auths_user"."updated_at", "auths_user"."registered_by", "oauth2_provider_application"."id", "oauth2_provider_application"."client_id", "oauth2_provider_application"."user_id", "oauth2_provider_application"."redirect_uris", "oauth2_provider_application"."client_type", "oauth2_provider_application"."authorization_grant_type", "oauth2_provider_application"."client_secret", "oauth2_provider_application"."name", "oauth2_provider_application"."skip_authorization" FROM "oauth2_provider_accesstoken" LEFT OUTER JOIN "auths_user" ON ("oauth2_provider_accesstoken"."user_id" = "auths_user"."id") INNER JOIN "oauth2_provider_application" ON ("oauth2_provider_accesstoken"."application_id" = "oauth2_provider_application"."id") WHERE "oauth2_provider_accesstoken"."token" = 'PAzlIDoliQRR5MU2I765RabOAF6iJA'; args=('PAzlIDoliQRR5MU2I765RabOAF6iJA',)
[2016-05-31 09:46:02] DEBUG [django.db.backends:89] (0.019) SELECT "oauth2_provider_accesstoken"."id", "oauth2_provider_accesstoken"."user_id", "oauth2_provider_accesstoken"."token", "oauth2_provider_accesstoken"."application_id", "oauth2_provider_accesstoken"."expires", "oauth2_provider_accesstoken"."scope", "auths_user"."password", "auths_user"."last_login", "auths_user"."is_superuser", "auths_user"."username", "auths_user"."first_name", "auths_user"."last_name", "auths_user"."email", "auths_user"."is_staff", "auths_user"."is_active", "auths_user"."date_joined", "auths_user"."id", "auths_user"."last_hierarchy_id", "auths_user"."last_module_id", "auths_user"."person_id", "auths_user"."updated_at", "auths_user"."registered_by", "oauth2_provider_application"."id", "oauth2_provider_application"."client_id", "oauth2_provider_application"."user_id", "oauth2_provider_application"."redirect_uris", "oauth2_provider_application"."client_type", "oauth2_provider_application"."authorization_grant_type", "oauth2_provider_application"."client_secret", "oauth2_provider_application"."name", "oauth2_provider_application"."skip_authorization" FROM "oauth2_provider_accesstoken" LEFT OUTER JOIN "auths_user" ON ("oauth2_provider_accesstoken"."user_id" = "auths_user"."id") INNER JOIN "oauth2_provider_application" ON ("oauth2_provider_accesstoken"."application_id" = "oauth2_provider_application"."id") WHERE "oauth2_provider_accesstoken"."token" = 'PAzlIDoliQRR5MU2I765RabOAF6iJA'; args=('PAzlIDoliQRR5MU2I765RabOAF6iJA',)
[2016-05-31 09:46:02] DEBUG [django.db.backends:89] (0.016) SELECT "auths_menu"."id" FROM "auths_menu" WHERE ("auths_menu"."id" IS NOT NULL AND "auths_menu"."module" = 'BACKEND' AND "auths_menu"."is_active" = 1) ORDER BY "auths_menu"."pos" ASC; args=('BACKEND', True)
[2016-05-31 09:46:02] DEBUG [django.db.backends:89] (0.000) SELECT "auth_group"."id", "auth_group"."name" FROM "auth_group" INNER JOIN "auths_user_groups" ON ("auth_group"."id" = "auths_user_groups"."group_id") WHERE "auths_user_groups"."user_id" = '4c7e4779b6bd47198afbd9e574b13d0a'; args=('4c7e4779b6bd47198afbd9e574b13d0a',)
[2016-05-31 09:46:02] DEBUG [django.db.backends:89] (0.012) SELECT "auth_permission"."id", "auth_permission"."name", "auth_permission"."content_type_id", "auth_permission"."codename" FROM "auth_permission" INNER JOIN "auths_user_user_permissions" ON ("auth_permission"."id" = "auths_user_user_permissions"."permission_id") INNER JOIN "django_content_type" ON ("auth_permission"."content_type_id" = "django_content_type"."id") WHERE "auths_user_user_permissions"."user_id" = '4c7e4779b6bd47198afbd9e574b13d0a' ORDER BY "django_content_type"."app_label" ASC, "django_content_type"."model" ASC, "auth_permission"."codename" ASC; args=('4c7e4779b6bd47198afbd9e574b13d0a',)
[2016-05-31 09:46:26] DEBUG [django.db.backends:89] (0.007) SELECT "oauth2_provider_accesstoken"."id", "oauth2_provider_accesstoken"."user_id", "oauth2_provider_accesstoken"."token", "oauth2_provider_accesstoken"."application_id", "oauth2_provider_accesstoken"."expires", "oauth2_provider_accesstoken"."scope", "auths_user"."password", "auths_user"."last_login", "auths_user"."is_superuser", "auths_user"."username", "auths_user"."first_name", "auths_user"."last_name", "auths_user"."email", "auths_user"."is_staff", "auths_user"."is_active", "auths_user"."date_joined", "auths_user"."id", "auths_user"."last_hierarchy_id", "auths_user"."last_module_id", "auths_user"."person_id", "auths_user"."updated_at", "auths_user"."registered_by", "oauth2_provider_application"."id", "oauth2_provider_application"."client_id", "oauth2_provider_application"."user_id", "oauth2_provider_application"."redirect_uris", "oauth2_provider_application"."client_type", "oauth2_provider_application"."authorization_grant_type", "oauth2_provider_application"."client_secret", "oauth2_provider_application"."name", "oauth2_provider_application"."skip_authorization" FROM "oauth2_provider_accesstoken" LEFT OUTER JOIN "auths_user" ON ("oauth2_provider_accesstoken"."user_id" = "auths_user"."id") INNER JOIN "oauth2_provider_application" ON ("oauth2_provider_accesstoken"."application_id" = "oauth2_provider_application"."id") WHERE "oauth2_provider_accesstoken"."token" = 'PAzlIDoliQRR5MU2I765RabOAF6iJA'; args=('PAzlIDoliQRR5MU2I765RabOAF6iJA',)
[2016-05-31 09:46:26] DEBUG [django.db.backends:89] (0.002) SELECT "oauth2_provider_accesstoken"."id", "oauth2_provider_accesstoken"."user_id", "oauth2_provider_accesstoken"."token", "oauth2_provider_accesstoken"."application_id", "oauth2_provider_accesstoken"."expires", "oauth2_provider_accesstoken"."scope", "auths_user"."password", "auths_user"."last_login", "auths_user"."is_superuser", "auths_user"."username", "auths_user"."first_name", "auths_user"."last_name", "auths_user"."email", "auths_user"."is_staff", "auths_user"."is_active", "auths_user"."date_joined", "auths_user"."id", "auths_user"."last_hierarchy_id", "auths_user"."last_module_id", "auths_user"."person_id", "auths_user"."updated_at", "auths_user"."registered_by", "oauth2_provider_application"."id", "oauth2_provider_application"."client_id", "oauth2_provider_application"."user_id", "oauth2_provider_application"."redirect_uris", "oauth2_provider_application"."client_type", "oauth2_provider_application"."authorization_grant_type", "oauth2_provider_application"."client_secret", "oauth2_provider_application"."name", "oauth2_provider_application"."skip_authorization" FROM "oauth2_provider_accesstoken" LEFT OUTER JOIN "auths_user" ON ("oauth2_provider_accesstoken"."user_id" = "auths_user"."id") INNER JOIN "oauth2_provider_application" ON ("oauth2_provider_accesstoken"."application_id" = "oauth2_provider_application"."id") WHERE "oauth2_provider_accesstoken"."token" = 'PAzlIDoliQRR5MU2I765RabOAF6iJA'; args=('PAzlIDoliQRR5MU2I765RabOAF6iJA',)
[2016-05-31 09:46:26] DEBUG [django.db.backends:89] (0.001) SELECT "auths_menu"."id" FROM "auths_menu" WHERE ("auths_menu"."id" IS NOT NULL AND "auths_menu"."module" = 'BACKEND' AND "auths_menu"."is_active" = 1) ORDER BY "auths_menu"."pos" ASC; args=('BACKEND', True)
[2016-05-31 09:46:26] DEBUG [django.db.backends:89] (0.000) SELECT "auth_group"."id", "auth_group"."name" FROM "auth_group" INNER JOIN "auths_user_groups" ON ("auth_group"."id" = "auths_user_groups"."group_id") WHERE "auths_user_groups"."user_id" = '4c7e4779b6bd47198afbd9e574b13d0a'; args=('4c7e4779b6bd47198afbd9e574b13d0a',)
[2016-05-31 09:46:26] DEBUG [django.db.backends:89] (0.001) SELECT "auth_permission"."id", "auth_permission"."name", "auth_permission"."content_type_id", "auth_permission"."codename" FROM "auth_permission" INNER JOIN "auths_user_user_permissions" ON ("auth_permission"."id" = "auths_user_user_permissions"."permission_id") INNER JOIN "django_content_type" ON ("auth_permission"."content_type_id" = "django_content_type"."id") WHERE "auths_user_user_permissions"."user_id" = '4c7e4779b6bd47198afbd9e574b13d0a' ORDER BY "django_content_type"."app_label" ASC, "django_content_type"."model" ASC, "auth_permission"."codename" ASC; args=('4c7e4779b6bd47198afbd9e574b13d0a',)
[2016-05-31 09:47:19] DEBUG [django.db.backends:89] (0.002) SELECT "oauth2_provider_accesstoken"."id", "oauth2_provider_accesstoken"."user_id", "oauth2_provider_accesstoken"."token", "oauth2_provider_accesstoken"."application_id", "oauth2_provider_accesstoken"."expires", "oauth2_provider_accesstoken"."scope", "auths_user"."password", "auths_user"."last_login", "auths_user"."is_superuser", "auths_user"."username", "auths_user"."first_name", "auths_user"."last_name", "auths_user"."email", "auths_user"."is_staff", "auths_user"."is_active", "auths_user"."date_joined", "auths_user"."id", "auths_user"."last_hierarchy_id", "auths_user"."last_module_id", "auths_user"."person_id", "auths_user"."updated_at", "auths_user"."registered_by", "oauth2_provider_application"."id", "oauth2_provider_application"."client_id", "oauth2_provider_application"."user_id", "oauth2_provider_application"."redirect_uris", "oauth2_provider_application"."client_type", "oauth2_provider_application"."authorization_grant_type", "oauth2_provider_application"."client_secret", "oauth2_provider_application"."name", "oauth2_provider_application"."skip_authorization" FROM "oauth2_provider_accesstoken" LEFT OUTER JOIN "auths_user" ON ("oauth2_provider_accesstoken"."user_id" = "auths_user"."id") INNER JOIN "oauth2_provider_application" ON ("oauth2_provider_accesstoken"."application_id" = "oauth2_provider_application"."id") WHERE "oauth2_provider_accesstoken"."token" = 'PAzlIDoliQRR5MU2I765RabOAF6iJA'; args=('PAzlIDoliQRR5MU2I765RabOAF6iJA',)
[2016-05-31 09:47:19] DEBUG [django.db.backends:89] (0.001) SELECT COUNT(*) AS "__count" FROM "auths_menu" WHERE ("auths_menu"."parent_id" IS NULL AND "auths_menu"."parent_id" IS NULL); args=()
